Message[301] C:\PROGRAM FILES (X86)\MICROCHIP\MPLABX\V5.20\MPASMX\P16F877.INC 34 : MESSAGE: (Processor-header file mismatch.  Verify selected processor.)
Warning[207] C:\USERS\FATAY\MPLABXPROJECTS\FATIH_AYDIN.X\FATIHAYDIN.ASM 5 : Found label after column 1. (GECIKME1)
Warning[207] C:\USERS\FATAY\MPLABXPROJECTS\FATIH_AYDIN.X\FATIHAYDIN.ASM 6 : Found label after column 1. (GECIKME2)
Warning[207] C:\USERS\FATAY\MPLABXPROJECTS\FATIH_AYDIN.X\FATIHAYDIN.ASM 7 : Found label after column 1. (GECIKME3)
Warning[207] C:\USERS\FATAY\MPLABXPROJECTS\FATIH_AYDIN.X\FATIHAYDIN.ASM 10 : Found label after column 1. (VERI4)
Warning[207] C:\USERS\FATAY\MPLABXPROJECTS\FATIH_AYDIN.X\FATIHAYDIN.ASM 11 : Found label after column 1. (SAYAC)
Warning[207] C:\USERS\FATAY\MPLABXPROJECTS\FATIH_AYDIN.X\FATIHAYDIN.ASM 12 : Found label after column 1. (LCD_TEMP)
Warning[207] C:\USERS\FATAY\MPLABXPROJECTS\FATIH_AYDIN.X\FATIHAYDIN.ASM 13 : Found label after column 1. (LCD_TRIS)
Warning[207] C:\USERS\FATAY\MPLABXPROJECTS\FATIH_AYDIN.X\FATIHAYDIN.ASM 14 : Found label after column 1. (LCD_PORT)
Warning[207] C:\USERS\FATAY\MPLABXPROJECTS\FATIH_AYDIN.X\FATIHAYDIN.ASM 16 : Found label after column 1. (LCD_RS)
Warning[207] C:\USERS\FATAY\MPLABXPROJECTS\FATIH_AYDIN.X\FATIHAYDIN.ASM 17 : Found label after column 1. (LCD_E)
Warning[207] C:\USERS\FATAY\MPLABXPROJECTS\FATIH_AYDIN.X\FATIHAYDIN.ASM 23 : Found label after column 1. (DUSEN_KENAR)
Warning[207] C:\USERS\FATAY\MPLABXPROJECTS\FATIH_AYDIN.X\FATIHAYDIN.ASM 30 : Found label after column 1. (KOMUT4_GONDER)
Warning[207] C:\USERS\FATAY\MPLABXPROJECTS\FATIH_AYDIN.X\FATIHAYDIN.ASM 44 : Found label after column 1. (KOMUT_GONDER)
Warning[207] C:\USERS\FATAY\MPLABXPROJECTS\FATIH_AYDIN.X\FATIHAYDIN.ASM 61 : Found label after column 1. (KARAKTER_GONDER)
Warning[207] C:\USERS\FATAY\MPLABXPROJECTS\FATIH_AYDIN.X\FATIHAYDIN.ASM 71 : Found label after column 1. (LCD_AYARLA)
Message[302] C:\USERS\FATAY\MPLABXPROJECTS\FATIH_AYDIN.X\FATIHAYDIN.ASM 76 : Register in operand not in bank 0.  Ensure that bank bits are correct.
Warning[207] C:\USERS\FATAY\MPLABXPROJECTS\FATIH_AYDIN.X\FATIHAYDIN.ASM 109 : Found label after column 1. (BASLA)
Warning[207] C:\USERS\FATAY\MPLABXPROJECTS\FATIH_AYDIN.X\FATIHAYDIN.ASM 113 : Found label after column 1. (DDR)
Warning[207] C:\USERS\FATAY\MPLABXPROJECTS\FATIH_AYDIN.X\FATIHAYDIN.ASM 124 : Found label after column 1. (DDR2)
Warning[207] C:\USERS\FATAY\MPLABXPROJECTS\FATIH_AYDIN.X\FATIHAYDIN.ASM 144 : Found label after column 1. (CALIS)
Warning[207] C:\USERS\FATAY\MPLABXPROJECTS\FATIH_AYDIN.X\FATIHAYDIN.ASM 148 : Found label after column 1. (DATA_TABLE)
Warning[207] C:\USERS\FATAY\MPLABXPROJECTS\FATIH_AYDIN.X\FATIHAYDIN.ASM 158 : Found label after column 1. (DATA_TABLE2)
Warning[207] C:\USERS\FATAY\MPLABXPROJECTS\FATIH_AYDIN.X\FATIHAYDIN.ASM 170 : Found label after column 1. (GECIKME_200USN)
Warning[207] C:\USERS\FATAY\MPLABXPROJECTS\FATIH_AYDIN.X\FATIHAYDIN.ASM 173 : Found label after column 1. (DNGU1)
Warning[207] C:\USERS\FATAY\MPLABXPROJECTS\FATIH_AYDIN.X\FATIHAYDIN.ASM 178 : Found label after column 1. (GECIKME_5MSN)
Warning[207] C:\USERS\FATAY\MPLABXPROJECTS\FATIH_AYDIN.X\FATIHAYDIN.ASM 183 : Found label after column 1. (D5_D)
Warning[207] C:\USERS\FATAY\MPLABXPROJECTS\FATIH_AYDIN.X\FATIHAYDIN.ASM 190 : Found label after column 1. (GECIKME_50MSN)
Warning[207] C:\USERS\FATAY\MPLABXPROJECTS\FATIH_AYDIN.X\FATIHAYDIN.ASM 195 : Found label after column 1. (D50_D)
Warning[207] C:\USERS\FATAY\MPLABXPROJECTS\FATIH_AYDIN.X\FATIHAYDIN.ASM 202 : Found label after column 1. (BITIR)
Warning[205] C:\USERS\FATAY\MPLABXPROJECTS\FATIH_AYDIN.X\FATIHAYDIN.ASM 203 : Found directive in column 1. (END)
