Warning[207] C:\USERS\FATAY\MPLABXPROJECTS\USART.X\USART.ASM 4 : Found label after column 1. (VERI)
Warning[207] C:\USERS\FATAY\MPLABXPROJECTS\USART.X\USART.ASM 7 : Found label after column 1. (GECIKME1)
Warning[207] C:\USERS\FATAY\MPLABXPROJECTS\USART.X\USART.ASM 8 : Found label after column 1. (GECIKME2)
Warning[207] C:\USERS\FATAY\MPLABXPROJECTS\USART.X\USART.ASM 9 : Found label after column 1. (GECIKME3)
Warning[207] C:\USERS\FATAY\MPLABXPROJECTS\USART.X\USART.ASM 13 : Found label after column 1. (VERI4)
Warning[207] C:\USERS\FATAY\MPLABXPROJECTS\USART.X\USART.ASM 14 : Found label after column 1. (SAYAC)
Warning[207] C:\USERS\FATAY\MPLABXPROJECTS\USART.X\USART.ASM 15 : Found label after column 1. (LCD_TEMP)
Warning[207] C:\USERS\FATAY\MPLABXPROJECTS\USART.X\USART.ASM 16 : Found label after column 1. (LCD_TRIS)
Warning[207] C:\USERS\FATAY\MPLABXPROJECTS\USART.X\USART.ASM 17 : Found label after column 1. (LCD_PORT)
Warning[207] C:\USERS\FATAY\MPLABXPROJECTS\USART.X\USART.ASM 19 : Found label after column 1. (LCD_RS)
Warning[207] C:\USERS\FATAY\MPLABXPROJECTS\USART.X\USART.ASM 20 : Found label after column 1. (LCD_E)
Warning[207] C:\USERS\FATAY\MPLABXPROJECTS\USART.X\USART.ASM 25 : Found label after column 1. (ASENKRON_AYAR)
Message[302] C:\USERS\FATAY\MPLABXPROJECTS\USART.X\USART.ASM 27 : Register in operand not in bank 0.  Ensure that bank bits are correct.
Message[302] C:\USERS\FATAY\MPLABXPROJECTS\USART.X\USART.ASM 30 : Register in operand not in bank 0.  Ensure that bank bits are correct.
Message[302] C:\USERS\FATAY\MPLABXPROJECTS\USART.X\USART.ASM 37 : Register in operand not in bank 0.  Ensure that bank bits are correct.
Warning[207] C:\USERS\FATAY\MPLABXPROJECTS\USART.X\USART.ASM 41 : Found label after column 1. (DUSEN_KENAR)
Warning[207] C:\USERS\FATAY\MPLABXPROJECTS\USART.X\USART.ASM 48 : Found label after column 1. (KOMUT4_GONDER)
Warning[207] C:\USERS\FATAY\MPLABXPROJECTS\USART.X\USART.ASM 62 : Found label after column 1. (KOMUT_GONDER)
Warning[207] C:\USERS\FATAY\MPLABXPROJECTS\USART.X\USART.ASM 79 : Found label after column 1. (KARAKTER_GONDER)
Warning[207] C:\USERS\FATAY\MPLABXPROJECTS\USART.X\USART.ASM 89 : Found label after column 1. (LCD_AYARLA)
Message[302] C:\USERS\FATAY\MPLABXPROJECTS\USART.X\USART.ASM 94 : Register in operand not in bank 0.  Ensure that bank bits are correct.
Warning[207] C:\USERS\FATAY\MPLABXPROJECTS\USART.X\USART.ASM 127 : Found label after column 1. (BASLA)
Warning[207] C:\USERS\FATAY\MPLABXPROJECTS\USART.X\USART.ASM 134 : Found label after column 1. (VERI_KONTROL)
Warning[207] C:\USERS\FATAY\MPLABXPROJECTS\USART.X\USART.ASM 145 : Found label after column 1. (GECIKME_200USN)
Warning[207] C:\USERS\FATAY\MPLABXPROJECTS\USART.X\USART.ASM 148 : Found label after column 1. (DNGU1)
Warning[207] C:\USERS\FATAY\MPLABXPROJECTS\USART.X\USART.ASM 153 : Found label after column 1. (GECIKME_5MSN)
Warning[207] C:\USERS\FATAY\MPLABXPROJECTS\USART.X\USART.ASM 158 : Found label after column 1. (D5_D)
Warning[207] C:\USERS\FATAY\MPLABXPROJECTS\USART.X\USART.ASM 165 : Found label after column 1. (GECIKME_50MSN)
Warning[207] C:\USERS\FATAY\MPLABXPROJECTS\USART.X\USART.ASM 171 : Found label after column 1. (D50_D)
Warning[207] C:\USERS\FATAY\MPLABXPROJECTS\USART.X\USART.ASM 178 : Found label after column 1. (BITIR)
