MPASM 5.84                         USART.ASM   12-15-2019  0:12:17         PAGE  1


LOC  OBJECT CODE     LINE SOURCE TEXT
  VALUE

                      00001     list p = 16f877a
                      00002     #include<p16f877a.inc>
                      00001         LIST
                      00002 
                      00003 ;==========================================================================
                      00004 ; Build date : Mar 17 2019
                      00005 ;  MPASM PIC16F877A processor include
                      00006 ; 
                      00007 ;  (c) Copyright 1999-2019 Microchip Technology, All rights reserved
                      00008 ;==========================================================================
                      00009 
                      00567         LIST
                      00003     
Warning[207]: Found label after column 1. (VERI)
  00000020            00004     VERI EQU 0X20
                      00005  
                      00006     ;GECIKME DEGISKENLERI
Warning[207]: Found label after column 1. (GECIKME1)
  00000020            00007     GECIKME1    EQU     0x20            ;1.GECIKME ICIK
Warning[207]: Found label after column 1. (GECIKME2)
  00000021            00008     GECIKME2    EQU     0x21            ;2.GECIKME ICIN
Warning[207]: Found label after column 1. (GECIKME3)
  00000022            00009     GECIKME3    EQU     0x22            ;3.GECIKME ICIN
                      00010  
                      00011  
                      00012     ;LCD DEGISKENLERI
Warning[207]: Found label after column 1. (VERI4)
  00000023            00013     VERI4             EQU       0X23            ;VERININ EN DUSUK 4 BITI
Warning[207]: Found label after column 1. (SAYAC)
  00000024            00014     SAYAC             EQU       0X24            ;DATA TABLE ICIN SAYAC
Warning[207]: Found label after column 1. (LCD_TEMP)
  00000025            00015     LCD_TEMP    EQU     0X25                    ;LCD TEMP DEGIS.
Warning[207]: Found label after column 1. (LCD_TRIS)
  00000086            00016     LCD_TRIS    EQU     TRISB                   ;TRISB - TEMSILI
Warning[207]: Found label after column 1. (LCD_PORT)
  00000006            00017     LCD_PORT    EQU     PORTB                   ;PORTB - TEMSILI
                      00018         
Warning[207]: Found label after column 1. (LCD_RS)
  00000004            00019     LCD_RS          EQU     4                   ;RS BITININ TEMSILI
Warning[207]: Found label after column 1. (LCD_E)
  00000005            00020     LCD_E           EQU     5                   ;ENABLE BITI TEMSIL
                      00021  
0000                  00022     ORG 0X000
0000   284A           00023     GOTO BASLA
                      00024     
Warning[207]: Found label after column 1. (ASENKRON_AYAR)
0001                  00025     ASENKRON_AYAR
0001   1683 1303      00026         BANKSEL TRISB
Message[302]: Register in operand not in bank 0.  Ensure that bank bits are correct.
0003   0186           00027         CLRF TRISB
                      00028         
0004   3019           00029         MOVLW D'25'
Message[302]: Register in operand not in bank 0.  Ensure that bank bits are correct.
MPASM 5.84                         USART.ASM   12-15-2019  0:12:17         PAGE  2


LOC  OBJECT CODE     LINE SOURCE TEXT
  VALUE

0005   0099           00030         MOVWF SPBRG
                      00031         
0006   1283 1303      00032         BANKSEL RCSTA
0008   309E           00033         MOVLW b'10011110'
0009   0098           00034         MOVWF RCSTA
                      00035         
000A   1683 1303      00036         BANKSEL TXSTA
Message[302]: Register in operand not in bank 0.  Ensure that bank bits are correct.
000C   1518           00037         BSF TXSTA,BRGH
                      00038         
000D   0008           00039         RETURN
                      00040         
Warning[207]: Found label after column 1. (DUSEN_KENAR)
000E                  00041     DUSEN_KENAR
000E   1283 1303      00042         BANKSEL LCD_PORT                ;BANK0 SEC.
0010   1686           00043         BSF             LCD_PORT,LCD_E  ;ONCE E UCUNU 1 YAP
0011   2058           00044         CALL            GECIKME_200USN  ;GECIKMEYE GIT
0012   1286           00045         BCF             LCD_PORT,LCD_E  ;E UCUNU 0 YAP KI UYAR
0013   0008           00046         RETURN
                      00047             
Warning[207]: Found label after column 1. (KOMUT4_GONDER)
0014                  00048     KOMUT4_GONDER
0014   390F           00049         ANDLW   0x0F                    ;WREG 'TEN GELEN VERININ EN DUSUK 4 BITINI AL.
0015   00A3           00050         MOVWF   VERI4                   ;BU 4 BITLIK PAKETI VERI DEGISKENINE AT.
                      00051 
0016   0806           00052         MOVFW   LCD_PORT                ;PORTB 'DEKI DEGERI WREG 'E YAZ. 
0017   39F0           00053         ANDLW   0xF0                    ;PORTB 'DEKI EN DEGERLI 4BITI AL (AYAR BITLERI)
                      00054         
0018   0423           00055         IORWF   VERI4,W         ;WREG LSB4 + PORTB MSB4 IKI PAKETI BIRLESTIR    
0019   0086           00056         MOVWF   LCD_PORT                ;BIRLESTIRDIGIN PAKETLERI PORTB 'YE ATA.
                      00057         
001A   200E           00058         CALL    DUSEN_KENAR             ;BU ISLEMLER ICIN ENABLE BITINI DURTMEN GEREKIR
001B   2058           00059         CALL    GECIKME_200USN  ;100MIKROSANIYE GECIKME
001C   0008           00060         RETURN
                      00061             
Warning[207]: Found label after column 1. (KOMUT_GONDER)
001D                  00062     KOMUT_GONDER
                      00063         ;2 ASAMADA GONDERME YAPMAK - ICIN BU METOD KULLANILIR.
                      00064         
001D   00A5           00065         MOVWF   LCD_TEMP                ; ONCE GONDERILECEK VERIYI SAKLA
001E   0E25           00066         SWAPF   LCD_TEMP,W              ; GONDERILECEK VERININ ILK DOR VE SON DORT BITINI YER DEGISTIR
                      00067 
001F   1283 1303      00068         BANKSEL LCD_PORT                ; BANK0 'A GEC
0021   1206           00069         BCF       LCD_PORT,LCD_RS       ; RS UCUNU 0 A CEK VE KOMUT GONDERECEGINI SOYLE
                      00070 
0022   2014           00071         CALL    KOMUT4_GONDER           ; BU EN DEGERLIKLI 4 BITI YOLLA
                      00072 
0023   0825           00073         MOVF    LCD_TEMP,W              ; SIMDI EN DEGERLIKSIZ 4 U GONDER
0024   1206           00074         BCF     LCD_PORT,LCD_RS ; RS UCUNU 0 A CEK VE KOMUT GONDERECEGINI SOYLE
0025   2014           00075         CALL    KOMUT4_GONDER
                      00076         
0026   0008           00077         RETURN
                      00078             
MPASM 5.84                         USART.ASM   12-15-2019  0:12:17         PAGE  3


LOC  OBJECT CODE     LINE SOURCE TEXT
  VALUE

Warning[207]: Found label after column 1. (KARAKTER_GONDER)
0027                  00079     KARAKTER_GONDER
0027   00A5           00080         MOVWF   LCD_TEMP                ; GELEN VERI ICIN SWAP ISLEMI YAPILACAGINDAN KORU
0028   0E25           00081         SWAPF   LCD_TEMP,W              ; EN DEGERLIKLI BITLER ICIN SWAP YAP
0029   1283 1303      00082         BANKSEL LCD_PORT                ; BANK0 A GECIYORUZ.
002B   1606           00083         BSF     LCD_PORT,LCD_RS ; KARAKTER YAZMA ICIN RS=1
002C   2014           00084         CALL    KOMUT4_GONDER   ; 4 BIT MODUNDA KARAKTERI GONDER
002D   0825           00085         MOVF    LCD_TEMP,W              ; SIMDI NORMAL DUSUK DEGERLIKLI BITLERI GONDER
002E   2014           00086         CALL    KOMUT4_GONDER
002F   0008           00087         RETURN
                      00088 
Warning[207]: Found label after column 1. (LCD_AYARLA)
0030                  00089     LCD_AYARLA
0030   3000           00090         MOVLW 0X00
0031   00A4           00091         MOVWF SAYAC                     ;DATA TABLE 0'DAN BASLAMALIDIR...
                      00092 
0032   1683 1303      00093         BANKSEL LCD_TRIS                ;BANK1 SECIYORUZ.
Message[302]: Register in operand not in bank 0.  Ensure that bank bits are correct.
0034   0186           00094         CLRF    LCD_TRIS                ;B PORTUNU TAMAMEN CIKIS YAP.
                      00095 
0035   1283 1303      00096         BANKSEL LCD_PORT                ;BANK0 SECIYORUZ.
0037   2066           00097         CALL    GECIKME_50MSN   ;ACILIS ICIN 50MS BEKLE.
0038   1206           00098         BCF     LCD_PORT,LCD_RS ;RS BITINI 0 YAP (KOMUT)        
                      00099 
                      00100                     
                      00101         ;GONDERECEGIMIZ KOMUTLAR
0039   3003           00102         MOVLW   0x03                    ;0X03 GONDERMEMIZ GEREK.
003A   201D           00103         CALL    KOMUT_GONDER            ;KOMUTU GONDERIYORUZ
003B   205D           00104         CALL    GECIKME_5MSN            ;5MS BEKLIYORUZ.
                      00105             
003C   3002           00106         MOVLW   0x02                    ;0X02 GONDERMEMIZ GEREK.
003D   201D           00107         CALL    KOMUT_GONDER            ;KOMUTU GONDERIYORUZ
003E   2058           00108         CALL    GECIKME_200USN  ;BIRAZ BEKLIYORUZ.
                      00109             
003F   3028           00110         MOVLW   0x28
0040   201D           00111         CALL    KOMUT_GONDER
                      00112 
0041   3010           00113         MOVLW   0x10    
0042   201D           00114         CALL    KOMUT_GONDER
                      00115 
0043   3001           00116         MOVLW   0x01
0044   201D           00117         CALL    KOMUT_GONDER
                      00118 
0045   3006           00119         MOVLW   0x06
0046   201D           00120         CALL    KOMUT_GONDER
                      00121 
0047   300D           00122         MOVLW   0x0D
0048   201D           00123         CALL    KOMUT_GONDER
                      00124           
0049   0008           00125         RETURN
                      00126     
Warning[207]: Found label after column 1. (BASLA)
004A                  00127     BASLA
MPASM 5.84                         USART.ASM   12-15-2019  0:12:17         PAGE  4


LOC  OBJECT CODE     LINE SOURCE TEXT
  VALUE

004A   2001           00128         CALL ASENKRON_AYAR
004B   2030           00129         CALL LCD_AYARLA
                      00130         
004C   1283 1303      00131         BANKSEL PIR1
004E   128C           00132         BCF       PIR1,RCIF
004F   2058           00133         CALL     GECIKME_200USN
Warning[207]: Found label after column 1. (VERI_KONTROL)
0050                  00134     VERI_KONTROL
0050   1E8C           00135         BTFSS  PIR1,RCIF
0051   2850           00136         GOTO    VERI_KONTROL
                      00137         
0052   1283 1303      00138         BANKSEL RCREG
0054   081A           00139         MOVFW RCREG
0055   2027           00140         CALL KARAKTER_GONDER
0056   2058           00141         CALL GECIKME_200USN
0057   2850           00142         GOTO VERI_KONTROL
                      00143         
                      00144         
Warning[207]: Found label after column 1. (GECIKME_200USN)
0058                  00145     GECIKME_200USN                              
0058   30C8           00146         MOVLW   0xC8
0059   00A0           00147         MOVWF   GECIKME1
Warning[207]: Found label after column 1. (DNGU1)
005A                  00148     DNGU1
005A   0BA0           00149         DECFSZ   GECIKME1,1
005B   285A           00150         GOTO     DNGU1
005C   0008           00151         RETURN
                      00152         
Warning[207]: Found label after column 1. (GECIKME_5MSN)
005D                  00153     GECIKME_5MSN
005D   30E7           00154         MOVLW   0xE7
005E   00A0           00155         MOVWF   GECIKME1
005F   3004           00156         MOVLW   0x04
0060   00A1           00157         MOVWF   GECIKME2
Warning[207]: Found label after column 1. (D5_D)
0061                  00158     D5_D
0061   0BA0           00159         DECFSZ  GECIKME1, f
0062   2861           00160         GOTO    D5_D
0063   0BA1           00161         DECFSZ  GECIKME2, f
0064   2861           00162         GOTO    D5_D
0065   0008           00163         RETURN
                      00164         
Warning[207]: Found label after column 1. (GECIKME_50MSN)
0066                  00165     GECIKME_50MSN
0066   300F           00166         MOVLW   0x0F
0067   00A0           00167         MOVWF   GECIKME1
0068   3028           00168         MOVLW   0x28
0069   00A1           00169         MOVWF   GECIKME2
                      00170         
Warning[207]: Found label after column 1. (D50_D)
006A                  00171     D50_D
006A   0BA0           00172         DECFSZ  GECIKME1, f
006B   286A           00173         GOTO    D50_D
MPASM 5.84                         USART.ASM   12-15-2019  0:12:17         PAGE  5


LOC  OBJECT CODE     LINE SOURCE TEXT
  VALUE

006C   0BA1           00174         DECFSZ  GECIKME2, f
006D   286A           00175         GOTO    D50_D
006E   0008           00176         RETURN
                      00177 
Warning[207]: Found label after column 1. (BITIR)
006F                  00178     BITIR
                      00179     
                      00180  
                      00181     END
MPASM 5.84                         USART.ASM   12-15-2019  0:12:17         PAGE  6


SYMBOL TABLE
  LABEL                             VALUE 

ACKDT                             00000005
ACKEN                             00000004
ACKSTAT                           00000006
ADCON0                            0000001F
ADCON1                            0000009F
ADCS0                             00000006
ADCS1                             00000007
ADCS2                             00000006
ADDEN                             00000003
ADFM                              00000007
ADIE                              00000006
ADIF                              00000006
ADON                              00000000
ADRESH                            0000001E
ADRESL                            0000009E
ASENKRON_AYAR                     00000001
BASLA                             0000004A
BCLIE                             00000003
BCLIF                             00000003
BF                                00000000
BITIR                             0000006F
BRGH                              00000002
C                                 00000000
C1INV                             00000004
C1OUT                             00000006
C2INV                             00000005
C2OUT                             00000007
CCP1CON                           00000017
CCP1IE                            00000002
CCP1IF                            00000002
CCP1M0                            00000000
CCP1M1                            00000001
CCP1M2                            00000002
CCP1M3                            00000003
CCP1X                             00000005
CCP1Y                             00000004
CCP2CON                           0000001D
CCP2IE                            00000000
CCP2IF                            00000000
CCP2M0                            00000000
CCP2M1                            00000001
CCP2M2                            00000002
CCP2M3                            00000003
CCP2X                             00000005
CCP2Y                             00000004
CCPR1                             00000015
CCPR1H                            00000016
CCPR1L                            00000015
CCPR2                             0000001B
CCPR2H                            0000001C
CCPR2L                            0000001B
CHS0                              00000003
CHS1                              00000004
MPASM 5.84                         USART.ASM   12-15-2019  0:12:17         PAGE  7


SYMBOL TABLE
  LABEL                             VALUE 

CHS2                              00000005
CIS                               00000003
CKE                               00000006
CKP                               00000004
CM0                               00000000
CM1                               00000001
CM2                               00000002
CMCON                             0000009C
CMIE                              00000006
CMIF                              00000006
CREN                              00000004
CSRC                              00000007
CVR0                              00000000
CVR1                              00000001
CVR2                              00000002
CVR3                              00000003
CVRCON                            0000009D
CVREN                             00000007
CVROE                             00000006
CVRR                              00000005
D                                 00000005
D50_D                             0000006A
D5_D                              00000061
DATA_ADDRESS                      00000005
DC                                00000001
DNGU1                             0000005A
DUSEN_KENAR                       0000000E
D_A                               00000005
D_NOT_A                           00000005
EEADR                             0000010D
EEADRH                            0000010F
EECON1                            0000018C
EECON2                            0000018D
EEDATA                            0000010C
EEDATH                            0000010E
EEIE                              00000004
EEIF                              00000004
EEPGD                             00000007
F                                 00000001
FERR                              00000002
FSR                               00000004
GCEN                              00000007
GECIKME1                          00000020
GECIKME2                          00000021
GECIKME3                          00000022
GECIKME_200USN                    00000058
GECIKME_50MSN                     00000066
GECIKME_5MSN                      0000005D
GIE                               00000007
GO                                00000002
GO_DONE                           00000002
GO_NOT_DONE                       00000002
I2C_DATA                          00000005
MPASM 5.84                         USART.ASM   12-15-2019  0:12:17         PAGE  8


SYMBOL TABLE
  LABEL                             VALUE 

I2C_READ                          00000002
I2C_START                         00000003
I2C_STOP                          00000004
IBF                               00000007
IBOV                              00000005
INDF                              00000000
INTCON                            0000000B
INTE                              00000004
INTEDG                            00000006
INTF                              00000001
IRP                               00000007
KARAKTER_GONDER                   00000027
KOMUT4_GONDER                     00000014
KOMUT_GONDER                      0000001D
LCD_AYARLA                        00000030
LCD_E                             00000005
LCD_PORT                          00000006
LCD_RS                            00000004
LCD_TEMP                          00000025
LCD_TRIS                          00000086
NOT_A                             00000005
NOT_ADDRESS                       00000005
NOT_BO                            00000000
NOT_BOR                           00000000
NOT_DONE                          00000002
NOT_PD                            00000003
NOT_POR                           00000001
NOT_RBPU                          00000007
NOT_RC8                           00000006
NOT_T1SYNC                        00000002
NOT_TO                            00000004
NOT_TX8                           00000006
NOT_W                             00000002
NOT_WRITE                         00000002
OBF                               00000006
OERR                              00000001
OPTION_REG                        00000081
P                                 00000004
PCFG0                             00000000
PCFG1                             00000001
PCFG2                             00000002
PCFG3                             00000003
PCL                               00000002
PCLATH                            0000000A
PCON                              0000008E
PEIE                              00000006
PEN                               00000002
PIE1                              0000008C
PIE2                              0000008D
PIR1                              0000000C
PIR2                              0000000D
PORTA                             00000005
PORTB                             00000006
MPASM 5.84                         USART.ASM   12-15-2019  0:12:17         PAGE  9


SYMBOL TABLE
  LABEL                             VALUE 

PORTC                             00000007
PORTD                             00000008
PORTE                             00000009
PR2                               00000092
PS0                               00000000
PS1                               00000001
PS2                               00000002
PSA                               00000003
PSPIE                             00000007
PSPIF                             00000007
PSPMODE                           00000004
R                                 00000002
RA0                               00000000
RA1                               00000001
RA2                               00000002
RA3                               00000003
RA4                               00000004
RA5                               00000005
RB0                               00000000
RB1                               00000001
RB2                               00000002
RB3                               00000003
RB4                               00000004
RB5                               00000005
RB6                               00000006
RB7                               00000007
RBIE                              00000003
RBIF                              00000000
RC0                               00000000
RC1                               00000001
RC2                               00000002
RC3                               00000003
RC4                               00000004
RC5                               00000005
RC6                               00000006
RC7                               00000007
RC8_9                             00000006
RC9                               00000006
RCD8                              00000000
RCEN                              00000003
RCIE                              00000005
RCIF                              00000005
RCREG                             0000001A
RCSTA                             00000018
RD                                00000000
RD0                               00000000
RD1                               00000001
RD2                               00000002
RD3                               00000003
RD4                               00000004
RD5                               00000005
RD6                               00000006
RD7                               00000007
MPASM 5.84                         USART.ASM   12-15-2019  0:12:17         PAGE 10


SYMBOL TABLE
  LABEL                             VALUE 

RE0                               00000000
RE1                               00000001
RE2                               00000002
READ_WRITE                        00000002
RP0                               00000005
RP1                               00000006
RSEN                              00000001
RX9                               00000006
RX9D                              00000000
R_NOT_W                           00000002
R_W                               00000002
S                                 00000003
SAYAC                             00000024
SEN                               00000000
SMP                               00000007
SPBRG                             00000099
SPEN                              00000007
SREN                              00000005
SSPADD                            00000093
SSPBUF                            00000013
SSPCON                            00000014
SSPCON2                           00000091
SSPEN                             00000005
SSPIE                             00000003
SSPIF                             00000003
SSPM0                             00000000
SSPM1                             00000001
SSPM2                             00000002
SSPM3                             00000003
SSPOV                             00000006
SSPSTAT                           00000094
STATUS                            00000003
SYNC                              00000004
T0CS                              00000005
T0IE                              00000005
T0IF                              00000002
T0SE                              00000004
T1CKPS0                           00000004
T1CKPS1                           00000005
T1CON                             00000010
T1INSYNC                          00000002
T1OSCEN                           00000003
T1SYNC                            00000002
T2CKPS0                           00000000
T2CKPS1                           00000001
T2CON                             00000012
TMR0                              00000001
TMR0IE                            00000005
TMR0IF                            00000002
TMR1                              0000000E
TMR1CS                            00000001
TMR1H                             0000000F
TMR1IE                            00000000
MPASM 5.84                         USART.ASM   12-15-2019  0:12:17         PAGE 11


SYMBOL TABLE
  LABEL                             VALUE 

TMR1IF                            00000000
TMR1L                             0000000E
TMR1ON                            00000000
TMR2                              00000011
TMR2IE                            00000001
TMR2IF                            00000001
TMR2ON                            00000002
TOUTPS0                           00000003
TOUTPS1                           00000004
TOUTPS2                           00000005
TOUTPS3                           00000006
TRISA                             00000085
TRISA0                            00000000
TRISA1                            00000001
TRISA2                            00000002
TRISA3                            00000003
TRISA4                            00000004
TRISA5                            00000005
TRISB                             00000086
TRISB0                            00000000
TRISB1                            00000001
TRISB2                            00000002
TRISB3                            00000003
TRISB4                            00000004
TRISB5                            00000005
TRISB6                            00000006
TRISB7                            00000007
TRISC                             00000087
TRISC0                            00000000
TRISC1                            00000001
TRISC2                            00000002
TRISC3                            00000003
TRISC4                            00000004
TRISC5                            00000005
TRISC6                            00000006
TRISC7                            00000007
TRISD                             00000088
TRISD0                            00000000
TRISD1                            00000001
TRISD2                            00000002
TRISD3                            00000003
TRISD4                            00000004
TRISD5                            00000005
TRISD6                            00000006
TRISD7                            00000007
TRISE                             00000089
TRISE0                            00000000
TRISE1                            00000001
TRISE2                            00000002
TRMT                              00000001
TX8_9                             00000006
TX9                               00000006
TX9D                              00000000
MPASM 5.84                         USART.ASM   12-15-2019  0:12:17         PAGE 12


SYMBOL TABLE
  LABEL                             VALUE 

TXD8                              00000000
TXEN                              00000005
TXIE                              00000004
TXIF                              00000004
TXREG                             00000019
TXSTA                             00000098
UA                                00000001
VERI                              00000020
VERI4                             00000023
VERI_KONTROL                      00000050
W                                 00000000
WCOL                              00000007
WR                                00000001
WREN                              00000002
WRERR                             00000003
Z                                 00000002
_BODEN_OFF                        00003FBF
_BODEN_ON                         00003FFF
_BOREN_OFF                        00003FBF
_BOREN_ON                         00003FFF
_CONFIG                           00002007
_CPD_OFF                          00003FFF
_CPD_ON                           00003EFF
_CP_ALL                           00001FFF
_CP_OFF                           00003FFF
_CP_ON                            00001FFF
_DEBUG_OFF                        00003FFF
_DEBUG_ON                         000037FF
_DEVID1                           00002006
_FOSC_EXTRC                       00003FFF
_FOSC_HS                          00003FFE
_FOSC_LP                          00003FFC
_FOSC_XT                          00003FFD
_HS_OSC                           00003FFE
_IDLOC0                           00002000
_IDLOC1                           00002001
_IDLOC2                           00002002
_IDLOC3                           00002003
_LP_OSC                           00003FFC
_LVP_OFF                          00003F7F
_LVP_ON                           00003FFF
_PWRTE_OFF                        00003FFF
_PWRTE_ON                         00003FF7
_RC_OSC                           00003FFF
_WDTE_OFF                         00003FFB
_WDTE_ON                          00003FFF
_WDT_OFF                          00003FFB
_WDT_ON                           00003FFF
_WRT_1FOURTH                      00003BFF
_WRT_256                          00003DFF
_WRT_HALF                         000039FF
_WRT_OFF                          00003FFF
_XT_OSC                           00003FFD
MPASM 5.84                         USART.ASM   12-15-2019  0:12:17         PAGE 13


SYMBOL TABLE
  LABEL                             VALUE 

__16F877A                         00000001


MEMORY USAGE MAP ('X' = Used,  '-' = Unused)

0000 : XXXXXXXXXXXXXXXX XXXXXXXXXXXXXXXX XXXXXXXXXXXXXXXX XXXXXXXXXXXXXXXX
0040 : XXXXXXXXXXXXXXXX XXXXXXXXXXXXXXXX XXXXXXXXXXXXXXX- ----------------

All other memory blocks unused.

Program Memory Words Used:   111
Program Memory Words Free:  8081


Errors   :     0
Warnings :    26 reported,     0 suppressed
Messages :     4 reported,     0 suppressed

