Message[301] C:\PROGRAM FILES (X86)\MICROCHIP\MPLABX\V5.20\MPASMX\P16F877.INC 34 : MESSAGE: (Processor-header file mismatch.  Verify selected processor.)
Warning[207] C:\USERS\FATAY\MPLABXPROJECTS\HESAP_MAK.X\HESAP_MAKINESI.ASM 6 : Found label after column 1. (GECIKME1)
Warning[207] C:\USERS\FATAY\MPLABXPROJECTS\HESAP_MAK.X\HESAP_MAKINESI.ASM 7 : Found label after column 1. (GECIKME2)
Warning[207] C:\USERS\FATAY\MPLABXPROJECTS\HESAP_MAK.X\HESAP_MAKINESI.ASM 8 : Found label after column 1. (GECIKME3)
Warning[207] C:\USERS\FATAY\MPLABXPROJECTS\HESAP_MAK.X\HESAP_MAKINESI.ASM 11 : Found label after column 1. (VERI4)
Warning[207] C:\USERS\FATAY\MPLABXPROJECTS\HESAP_MAK.X\HESAP_MAKINESI.ASM 12 : Found label after column 1. (ISLEM)
Warning[207] C:\USERS\FATAY\MPLABXPROJECTS\HESAP_MAK.X\HESAP_MAKINESI.ASM 13 : Found label after column 1. (LCD_TEMP)
Warning[207] C:\USERS\FATAY\MPLABXPROJECTS\HESAP_MAK.X\HESAP_MAKINESI.ASM 14 : Found label after column 1. (LCD_TRIS)
Warning[207] C:\USERS\FATAY\MPLABXPROJECTS\HESAP_MAK.X\HESAP_MAKINESI.ASM 15 : Found label after column 1. (LCD_PORT)
Warning[207] C:\USERS\FATAY\MPLABXPROJECTS\HESAP_MAK.X\HESAP_MAKINESI.ASM 17 : Found label after column 1. (LCD_RS)
Warning[207] C:\USERS\FATAY\MPLABXPROJECTS\HESAP_MAK.X\HESAP_MAKINESI.ASM 18 : Found label after column 1. (LCD_E)
Warning[207] C:\USERS\FATAY\MPLABXPROJECTS\HESAP_MAK.X\HESAP_MAKINESI.ASM 20 : Found label after column 1. (DEGER1)
Warning[207] C:\USERS\FATAY\MPLABXPROJECTS\HESAP_MAK.X\HESAP_MAKINESI.ASM 21 : Found label after column 1. (DEGER2)
Warning[207] C:\USERS\FATAY\MPLABXPROJECTS\HESAP_MAK.X\HESAP_MAKINESI.ASM 22 : Found label after column 1. (SIRA)
Warning[207] C:\USERS\FATAY\MPLABXPROJECTS\HESAP_MAK.X\HESAP_MAKINESI.ASM 23 : Found label after column 1. (RESULT)
Warning[207] C:\USERS\FATAY\MPLABXPROJECTS\HESAP_MAK.X\HESAP_MAKINESI.ASM 24 : Found label after column 1. (OTUZF)
Warning[207] C:\USERS\FATAY\MPLABXPROJECTS\HESAP_MAK.X\HESAP_MAKINESI.ASM 26 : Found label after column 1. (BIRLER)
Warning[207] C:\USERS\FATAY\MPLABXPROJECTS\HESAP_MAK.X\HESAP_MAKINESI.ASM 27 : Found label after column 1. (ONLAR)
Warning[207] C:\USERS\FATAY\MPLABXPROJECTS\HESAP_MAK.X\HESAP_MAKINESI.ASM 28 : Found label after column 1. (YEDEK)
Warning[207] C:\USERS\FATAY\MPLABXPROJECTS\HESAP_MAK.X\HESAP_MAKINESI.ASM 29 : Found label after column 1. (ON)
Warning[207] C:\USERS\FATAY\MPLABXPROJECTS\HESAP_MAK.X\HESAP_MAKINESI.ASM 30 : Found label after column 1. (TMP)
Warning[207] C:\USERS\FATAY\MPLABXPROJECTS\HESAP_MAK.X\HESAP_MAKINESI.ASM 36 : Found label after column 1. (DUSEN_KENAR)
Warning[207] C:\USERS\FATAY\MPLABXPROJECTS\HESAP_MAK.X\HESAP_MAKINESI.ASM 43 : Found label after column 1. (KOMUT4_GONDER)
Warning[207] C:\USERS\FATAY\MPLABXPROJECTS\HESAP_MAK.X\HESAP_MAKINESI.ASM 57 : Found label after column 1. (KOMUT_GONDER)
Warning[207] C:\USERS\FATAY\MPLABXPROJECTS\HESAP_MAK.X\HESAP_MAKINESI.ASM 74 : Found label after column 1. (KARAKTER_GONDER)
Warning[207] C:\USERS\FATAY\MPLABXPROJECTS\HESAP_MAK.X\HESAP_MAKINESI.ASM 84 : Found label after column 1. (LCD_AYARLA)
Message[302] C:\USERS\FATAY\MPLABXPROJECTS\HESAP_MAK.X\HESAP_MAKINESI.ASM 102 : Register in operand not in bank 0.  Ensure that bank bits are correct.
Warning[207] C:\USERS\FATAY\MPLABXPROJECTS\HESAP_MAK.X\HESAP_MAKINESI.ASM 133 : Found label after column 1. (FATIH_AYDIN)
Warning[207] C:\USERS\FATAY\MPLABXPROJECTS\HESAP_MAK.X\HESAP_MAKINESI.ASM 138 : Found label after column 1. (KEYPAD_AYARLA)
Message[302] C:\USERS\FATAY\MPLABXPROJECTS\HESAP_MAK.X\HESAP_MAKINESI.ASM 141 : Register in operand not in bank 0.  Ensure that bank bits are correct.
Warning[207] C:\USERS\FATAY\MPLABXPROJECTS\HESAP_MAK.X\HESAP_MAKINESI.ASM 146 : Found label after column 1. (CLEAR_LCD)
Warning[207] C:\USERS\FATAY\MPLABXPROJECTS\HESAP_MAK.X\HESAP_MAKINESI.ASM 163 : Found label after column 1. (SONUC)
Warning[207] C:\USERS\FATAY\MPLABXPROJECTS\HESAP_MAK.X\HESAP_MAKINESI.ASM 186 : Found label after column 1. (TOPLA_F)
Warning[207] C:\USERS\FATAY\MPLABXPROJECTS\HESAP_MAK.X\HESAP_MAKINESI.ASM 193 : Found label after column 1. (EKSI)
Warning[207] C:\USERS\FATAY\MPLABXPROJECTS\HESAP_MAK.X\HESAP_MAKINESI.ASM 206 : Found label after column 1. (CIKAR_F)
Warning[207] C:\USERS\FATAY\MPLABXPROJECTS\HESAP_MAK.X\HESAP_MAKINESI.ASM 219 : Found label after column 1. (BOL_F)
Warning[207] C:\USERS\FATAY\MPLABXPROJECTS\HESAP_MAK.X\HESAP_MAKINESI.ASM 222 : Found label after column 1. (D_BOL)
Warning[207] C:\USERS\FATAY\MPLABXPROJECTS\HESAP_MAK.X\HESAP_MAKINESI.ASM 232 : Found label after column 1. (CARP_F)
Warning[207] C:\USERS\FATAY\MPLABXPROJECTS\HESAP_MAK.X\HESAP_MAKINESI.ASM 234 : Found label after column 1. (D_CARP)
Warning[207] C:\USERS\FATAY\MPLABXPROJECTS\HESAP_MAK.X\HESAP_MAKINESI.ASM 241 : Found label after column 1. (SONUC_DENETLE)
Warning[207] C:\USERS\FATAY\MPLABXPROJECTS\HESAP_MAK.X\HESAP_MAKINESI.ASM 249 : Found label after column 1. (BIR_BASAMAK)
Warning[207] C:\USERS\FATAY\MPLABXPROJECTS\HESAP_MAK.X\HESAP_MAKINESI.ASM 255 : Found label after column 1. (IKI_BASAMAK)
Warning[207] C:\USERS\FATAY\MPLABXPROJECTS\HESAP_MAK.X\HESAP_MAKINESI.ASM 264 : Found label after column 1. (IKI_YAZ_BOLUM)
Warning[207] C:\USERS\FATAY\MPLABXPROJECTS\HESAP_MAK.X\HESAP_MAKINESI.ASM 270 : Found label after column 1. (IKI_YAZ)
Warning[207] C:\USERS\FATAY\MPLABXPROJECTS\HESAP_MAK.X\HESAP_MAKINESI.ASM 280 : Found label after column 1. (DEGERLENDIR)
Warning[207] C:\USERS\FATAY\MPLABXPROJECTS\HESAP_MAK.X\HESAP_MAKINESI.ASM 291 : Found label after column 1. (BIRE_ATA)
Warning[207] C:\USERS\FATAY\MPLABXPROJECTS\HESAP_MAK.X\HESAP_MAKINESI.ASM 296 : Found label after column 1. (IKIYE_ATA)
Warning[207] C:\USERS\FATAY\MPLABXPROJECTS\HESAP_MAK.X\HESAP_MAKINESI.ASM 301 : Found label after column 1. (DOKUZ)
Warning[207] C:\USERS\FATAY\MPLABXPROJECTS\HESAP_MAK.X\HESAP_MAKINESI.ASM 310 : Found label after column 1. (SEKIZ)
Warning[207] C:\USERS\FATAY\MPLABXPROJECTS\HESAP_MAK.X\HESAP_MAKINESI.ASM 319 : Found label after column 1. (YEDI)
Warning[207] C:\USERS\FATAY\MPLABXPROJECTS\HESAP_MAK.X\HESAP_MAKINESI.ASM 328 : Found label after column 1. (ALTI)
Warning[207] C:\USERS\FATAY\MPLABXPROJECTS\HESAP_MAK.X\HESAP_MAKINESI.ASM 337 : Found label after column 1. (BES)
Warning[207] C:\USERS\FATAY\MPLABXPROJECTS\HESAP_MAK.X\HESAP_MAKINESI.ASM 346 : Found label after column 1. (DORT)
Warning[207] C:\USERS\FATAY\MPLABXPROJECTS\HESAP_MAK.X\HESAP_MAKINESI.ASM 355 : Found label after column 1. (UC)
Warning[207] C:\USERS\FATAY\MPLABXPROJECTS\HESAP_MAK.X\HESAP_MAKINESI.ASM 364 : Found label after column 1. (IKI)
Warning[207] C:\USERS\FATAY\MPLABXPROJECTS\HESAP_MAK.X\HESAP_MAKINESI.ASM 373 : Found label after column 1. (BIR)
Warning[207] C:\USERS\FATAY\MPLABXPROJECTS\HESAP_MAK.X\HESAP_MAKINESI.ASM 382 : Found label after column 1. (SIFIR)
Warning[207] C:\USERS\FATAY\MPLABXPROJECTS\HESAP_MAK.X\HESAP_MAKINESI.ASM 391 : Found label after column 1. (ESIT)
Warning[207] C:\USERS\FATAY\MPLABXPROJECTS\HESAP_MAK.X\HESAP_MAKINESI.ASM 397 : Found label after column 1. (BOLME)
Warning[207] C:\USERS\FATAY\MPLABXPROJECTS\HESAP_MAK.X\HESAP_MAKINESI.ASM 406 : Found label after column 1. (CARPMA)
Warning[207] C:\USERS\FATAY\MPLABXPROJECTS\HESAP_MAK.X\HESAP_MAKINESI.ASM 415 : Found label after column 1. (TOPLAMA)
Warning[207] C:\USERS\FATAY\MPLABXPROJECTS\HESAP_MAK.X\HESAP_MAKINESI.ASM 424 : Found label after column 1. (CIKARMA)
Warning[207] C:\USERS\FATAY\MPLABXPROJECTS\HESAP_MAK.X\HESAP_MAKINESI.ASM 433 : Found label after column 1. (BASLA)
Warning[207] C:\USERS\FATAY\MPLABXPROJECTS\HESAP_MAK.X\HESAP_MAKINESI.ASM 437 : Found label after column 1. (TARA_RAKAM)
Warning[207] C:\USERS\FATAY\MPLABXPROJECTS\HESAP_MAK.X\HESAP_MAKINESI.ASM 447 : Found label after column 1. (SUTUN_963)
Warning[207] C:\USERS\FATAY\MPLABXPROJECTS\HESAP_MAK.X\HESAP_MAKINESI.ASM 458 : Found label after column 1. (SUTUN_852)
Warning[207] C:\USERS\FATAY\MPLABXPROJECTS\HESAP_MAK.X\HESAP_MAKINESI.ASM 471 : Found label after column 1. (SUTUN_741)
Warning[207] C:\USERS\FATAY\MPLABXPROJECTS\HESAP_MAK.X\HESAP_MAKINESI.ASM 488 : Found label after column 1. (TARA_ISLEM)
Warning[207] C:\USERS\FATAY\MPLABXPROJECTS\HESAP_MAK.X\HESAP_MAKINESI.ASM 514 : Found label after column 1. (TARA_ESITTIR)
Warning[207] C:\USERS\FATAY\MPLABXPROJECTS\HESAP_MAK.X\HESAP_MAKINESI.ASM 534 : Found label after column 1. (CALIS)
Warning[207] C:\USERS\FATAY\MPLABXPROJECTS\HESAP_MAK.X\HESAP_MAKINESI.ASM 545 : Found label after column 1. (GECIKME_200USN)
Warning[207] C:\USERS\FATAY\MPLABXPROJECTS\HESAP_MAK.X\HESAP_MAKINESI.ASM 548 : Found label after column 1. (DNGU1)
Warning[207] C:\USERS\FATAY\MPLABXPROJECTS\HESAP_MAK.X\HESAP_MAKINESI.ASM 553 : Found label after column 1. (GECIKME_5MSN)
Warning[207] C:\USERS\FATAY\MPLABXPROJECTS\HESAP_MAK.X\HESAP_MAKINESI.ASM 558 : Found label after column 1. (D5_D)
Warning[207] C:\USERS\FATAY\MPLABXPROJECTS\HESAP_MAK.X\HESAP_MAKINESI.ASM 565 : Found label after column 1. (GECIKME_50MSN)
Warning[207] C:\USERS\FATAY\MPLABXPROJECTS\HESAP_MAK.X\HESAP_MAKINESI.ASM 570 : Found label after column 1. (D50_D)
Warning[207] C:\USERS\FATAY\MPLABXPROJECTS\HESAP_MAK.X\HESAP_MAKINESI.ASM 577 : Found label after column 1. (GECIKME_KEYPAD)
Warning[207] C:\USERS\FATAY\MPLABXPROJECTS\HESAP_MAK.X\HESAP_MAKINESI.ASM 582 : Found label after column 1. (DK_D)
Warning[207] C:\USERS\FATAY\MPLABXPROJECTS\HESAP_MAK.X\HESAP_MAKINESI.ASM 589 : Found label after column 1. (BITIR)
Warning[205] C:\USERS\FATAY\MPLABXPROJECTS\HESAP_MAK.X\HESAP_MAKINESI.ASM 590 : Found directive in column 1. (END)
