MPASM 5.84                    PWM_DENEME.ASM   12-3-2019  14:15:36         PAGE  1


LOC  OBJECT CODE     LINE SOURCE TEXT
  VALUE

Warning[205]: Found directive in column 1. (__CONFIG)
2007   3F31           00001 __CONFIG H'3F31'
                      00002     
Warning[205]: Found directive in column 1. (list)
                      00003 list p = 16f877a
                      00004 #include<p16f877.inc>
                      00001         LIST
                      00002 
                      00003 ;==========================================================================
                      00004 ; Build date : Mar 17 2019
                      00005 ;  MPASM PIC16F877 processor include
                      00006 ; 
                      00007 ;  (c) Copyright 1999-2019 Microchip Technology, All rights reserved
                      00008 ;==========================================================================
                      00009 
Message[301]: MESSAGE: (Processor-header file mismatch.  Verify selected processor.)
                      00541         LIST
                      00005     
  00000026            00006 DEGER2          EQU 0X26
  00000025            00007 PWM_DEGER2      EQU 0X25
  00000024            00008 PWM_DEGER       EQU 0X24
  00000021            00009 DEGER           EQU 0X21
  00000022            00010 SAYAC1          EQU 0X22
  00000023            00011 SAYAC2          EQU 0X23 
                      00012  
Warning[205]: Found directive in column 1. (ORG)
0000                  00013 ORG 0X000
0000   0000           00014     NOP 
0001   2802           00015     GOTO BASLA
                      00016     
0002                  00017 BASLA
0002   1683 1303      00018     BANKSEL ADCON1
0004   3006           00019     MOVLW 0X06
Message[302]: Register in operand not in bank 0.  Ensure that bank bits are correct.
0005   009F           00020     MOVWF ADCON1
                      00021     
0006   1683 1303      00022     BANKSEL TRISA
0008   30FF           00023     MOVLW 0XFF
Message[302]: Register in operand not in bank 0.  Ensure that bank bits are correct.
0009   0085           00024     MOVWF TRISA
Message[302]: Register in operand not in bank 0.  Ensure that bank bits are correct.
000A   0187           00025     CLRF  TRISC
                      00026     
000B   1283 1303      00027     BANKSEL CCP1CON
000D   300C           00028     MOVLW B'00001100'
000E   0097           00029     MOVWF CCP1CON
000F   1283 1303      00030     BANKSEL CCPR1L 
0011   0195           00031     CLRF CCPR1L
                      00032     
0012   1283 1303      00033     BANKSEL CCP2CON
0014   300C           00034     MOVLW B'00001100'
0015   009D           00035     MOVWF CCP2CON
0016   1283 1303      00036     BANKSEL CCPR2L 
MPASM 5.84                    PWM_DENEME.ASM   12-3-2019  14:15:36         PAGE  2


LOC  OBJECT CODE     LINE SOURCE TEXT
  VALUE

0018   019B           00037     CLRF CCPR2L
                      00038     
0019   1683 1303      00039     BANKSEL PR2
001B   3041           00040     MOVLW D'65'
Message[302]: Register in operand not in bank 0.  Ensure that bank bits are correct.
001C   0092           00041     MOVWF PR2
                      00042     
                      00043     
001D   1283 1303      00044     BANKSEL PWM_DEGER
001F   3000           00045     MOVLW D'0'
0020   00A4           00046     MOVWF PWM_DEGER
0021   00A5           00047     MOVWF PWM_DEGER2
                      00048     
0022   1283 1303      00049     BANKSEL T2CON
0024   3006           00050     MOVLW b'00000110'
0025   0092           00051     MOVWF T2CON
0026   205F           00052     CALL PWM_ISLEM
                      00053     
Warning[207]: Found label after column 1. (KONTROL)
0027                  00054     KONTROL 
0027   1283 1303      00055         BANKSEL PORTA
0029   1805           00056         BTFSC PORTA,0
002A   2032           00057         CALL PARLAKLIK1_ARTIR
002B   1885           00058         BTFSC PORTA,1
002C   203B           00059         CALL PARLAKLIK1_AZALT
002D   1905           00060         BTFSC PORTA,2
002E   2044           00061         CALL PARLAKLIK2_ARTIR
002F   1985           00062         BTFSC PORTA,3
0030   204D           00063         CALL PARLAKLIK2_AZALT
0031   2827           00064         GOTO KONTROL
                      00065         
Warning[207]: Found label after column 1. (PARLAKLIK1_ARTIR)
0032                  00066     PARLAKLIK1_ARTIR
0032   1283 1303      00067         BANKSEL PWM_DEGER
0034   30FF           00068         MOVLW H'FF'
0035   0224           00069         SUBWF PWM_DEGER,W
0036   1C03           00070         BTFSS STATUS,C
0037   0AA4           00071         INCF PWM_DEGER,F
0038   205F           00072         CALL PWM_ISLEM
0039   2056           00073         CALL GECIKME
003A   0008           00074         RETURN
                      00075         
Warning[207]: Found label after column 1. (PARLAKLIK1_AZALT)
003B                  00076     PARLAKLIK1_AZALT
003B   1283 1303      00077         BANKSEL PWM_DEGER
003D   0824           00078         MOVF PWM_DEGER,W
003E   3C00           00079         SUBLW D'0'
003F   1C03           00080         BTFSS STATUS,C
0040   03A4           00081         DECF PWM_DEGER,F
0041   205F           00082         CALL PWM_ISLEM
0042   2056           00083         CALL GECIKME
0043   0008           00084         RETURN
                      00085         
MPASM 5.84                    PWM_DENEME.ASM   12-3-2019  14:15:36         PAGE  3


LOC  OBJECT CODE     LINE SOURCE TEXT
  VALUE

Warning[207]: Found label after column 1. (PARLAKLIK2_ARTIR)
0044                  00086     PARLAKLIK2_ARTIR
0044   1283 1303      00087         BANKSEL PWM_DEGER2
0046   30FF           00088         MOVLW H'FF'
0047   0225           00089         SUBWF PWM_DEGER2,W
0048   1C03           00090         BTFSS STATUS,C
0049   0AA5           00091         INCF PWM_DEGER2,F
004A   205F           00092         CALL PWM_ISLEM
004B   2056           00093         CALL GECIKME
004C   0008           00094         RETURN
                      00095         
Warning[207]: Found label after column 1. (PARLAKLIK2_AZALT)
004D                  00096     PARLAKLIK2_AZALT
004D   1283 1303      00097         BANKSEL PWM_DEGER2
004F   0825           00098         MOVF PWM_DEGER2,W
0050   3C00           00099         SUBLW D'0'
0051   1C03           00100         BTFSS STATUS,C
0052   03A5           00101         DECF PWM_DEGER2,F
0053   205F           00102         CALL PWM_ISLEM
0054   2056           00103         CALL GECIKME
0055   0008           00104         RETURN
                      00105         
Warning[207]: Found label after column 1. (GECIKME)
0056                  00106     GECIKME 
0056   3032           00107         MOVLW D'50'
0057   00A2           00108         MOVWF SAYAC1 
Warning[207]: Found label after column 1. (GECIKME1)
0058                  00109     GECIKME1
0058   3032           00110         MOVLW D'50'
0059   00A3           00111         MOVWF SAYAC2
Warning[207]: Found label after column 1. (GECIKME2)
005A                  00112     GECIKME2
005A   0BA3           00113         DECFSZ SAYAC2,F
005B   285A           00114         GOTO GECIKME2
005C   0BA2           00115         DECFSZ SAYAC1,F
005D   2858           00116         GOTO GECIKME1
005E   0008           00117         RETURN
                      00118         
Warning[207]: Found label after column 1. (PWM_ISLEM)
005F                  00119     PWM_ISLEM
005F   1283 1303      00120         BANKSEL PWM_DEGER
0061   0824           00121         MOVF PWM_DEGER,W
0062   1283 1303      00122         BANKSEL DEGER
0064   3903           00123         ANDLW B'00000011'
0065   00A1           00124         MOVWF DEGER 
0066   0E21           00125         SWAPF DEGER,W
0067   39F0           00126         ANDLW B'11110000'
0068   380C           00127         IORLW B'00001100'
0069   1283 1303      00128         BANKSEL CCP1CON
006B   0097           00129         MOVWF CCP1CON
006C   1283 1303      00130         BANKSEL PWM_DEGER
006E   0824           00131         MOVF PWM_DEGER,W
006F   00A1           00132         MOVWF DEGER
MPASM 5.84                    PWM_DENEME.ASM   12-3-2019  14:15:36         PAGE  4


LOC  OBJECT CODE     LINE SOURCE TEXT
  VALUE

0070   0CA1           00133         RRF DEGER,F
0071   0C21           00134         RRF DEGER,W
0072   393F           00135         ANDLW B'00111111'
0073   0095           00136         MOVWF CCPR1L
                      00137         
0074   1283 1303      00138         BANKSEL PWM_DEGER2
0076   0825           00139         MOVF PWM_DEGER2,W
0077   1283 1303      00140         BANKSEL DEGER2
0079   3903           00141         ANDLW B'00000011'
007A   00A6           00142         MOVWF DEGER2
007B   0E21           00143         SWAPF DEGER,W
007C   39F0           00144         ANDLW B'11110000'
007D   380C           00145         IORLW B'00001100'
007E   1283 1303      00146         BANKSEL CCP2CON
0080   009D           00147         MOVWF CCP2CON
0081   1283 1303      00148         BANKSEL PWM_DEGER2
0083   0825           00149         MOVF PWM_DEGER2,W
0084   00A6           00150         MOVWF DEGER2
0085   0CA6           00151         RRF DEGER2,F
0086   0C26           00152         RRF DEGER2,W
0087   393F           00153         ANDLW B'00111111'
0088   009B           00154         MOVWF CCPR2L
0089   0008           00155         RETURN
                      00156         
                      00157         END
MPASM 5.84                    PWM_DENEME.ASM   12-3-2019  14:15:36         PAGE  5


SYMBOL TABLE
  LABEL                             VALUE 

ACKDT                             00000005
ACKEN                             00000004
ACKSTAT                           00000006
ADCON0                            0000001F
ADCON1                            0000009F
ADCS0                             00000006
ADCS1                             00000007
ADDEN                             00000003
ADFM                              00000007
ADIE                              00000006
ADIF                              00000006
ADON                              00000000
ADRESH                            0000001E
ADRESL                            0000009E
BASLA                             00000002
BCLIE                             00000003
BCLIF                             00000003
BF                                00000000
BRGH                              00000002
C                                 00000000
CCP1CON                           00000017
CCP1IE                            00000002
CCP1IF                            00000002
CCP1M0                            00000000
CCP1M1                            00000001
CCP1M2                            00000002
CCP1M3                            00000003
CCP1X                             00000005
CCP1Y                             00000004
CCP2CON                           0000001D
CCP2IE                            00000000
CCP2IF                            00000000
CCP2M0                            00000000
CCP2M1                            00000001
CCP2M2                            00000002
CCP2M3                            00000003
CCP2X                             00000005
CCP2Y                             00000004
CCPR1                             00000015
CCPR1H                            00000016
CCPR1L                            00000015
CCPR2                             0000001B
CCPR2H                            0000001C
CCPR2L                            0000001B
CHS0                              00000003
CHS1                              00000004
CHS2                              00000005
CKE                               00000006
CKP                               00000004
CREN                              00000004
CSRC                              00000007
D                                 00000005
DATA_ADDRESS                      00000005
MPASM 5.84                    PWM_DENEME.ASM   12-3-2019  14:15:36         PAGE  6


SYMBOL TABLE
  LABEL                             VALUE 

DC                                00000001
DEGER                             00000021
DEGER2                            00000026
D_A                               00000005
D_NOT_A                           00000005
EEADR                             0000010D
EEADRH                            0000010F
EECON1                            0000018C
EECON2                            0000018D
EEDATA                            0000010C
EEDATH                            0000010E
EEIE                              00000004
EEIF                              00000004
EEPGD                             00000007
F                                 00000001
FERR                              00000002
FSR                               00000004
GCEN                              00000007
GECIKME                           00000056
GECIKME1                          00000058
GECIKME2                          0000005A
GIE                               00000007
GO                                00000002
GO_DONE                           00000002
GO_NOT_DONE                       00000002
I2C_DATA                          00000005
I2C_READ                          00000002
I2C_START                         00000003
I2C_STOP                          00000004
IBF                               00000007
IBOV                              00000005
INDF                              00000000
INTCON                            0000000B
INTE                              00000004
INTEDG                            00000006
INTF                              00000001
IRP                               00000007
KONTROL                           00000027
NOT_A                             00000005
NOT_ADDRESS                       00000005
NOT_BO                            00000000
NOT_BOR                           00000000
NOT_DONE                          00000002
NOT_PD                            00000003
NOT_POR                           00000001
NOT_RBPU                          00000007
NOT_RC8                           00000006
NOT_T1SYNC                        00000002
NOT_TO                            00000004
NOT_TX8                           00000006
NOT_W                             00000002
NOT_WRITE                         00000002
OBF                               00000006
MPASM 5.84                    PWM_DENEME.ASM   12-3-2019  14:15:36         PAGE  7


SYMBOL TABLE
  LABEL                             VALUE 

OERR                              00000001
OPTION_REG                        00000081
P                                 00000004
PARLAKLIK1_ARTIR                  00000032
PARLAKLIK1_AZALT                  0000003B
PARLAKLIK2_ARTIR                  00000044
PARLAKLIK2_AZALT                  0000004D
PCFG0                             00000000
PCFG1                             00000001
PCFG2                             00000002
PCFG3                             00000003
PCL                               00000002
PCLATH                            0000000A
PCON                              0000008E
PEIE                              00000006
PEN                               00000002
PIE1                              0000008C
PIE2                              0000008D
PIR1                              0000000C
PIR2                              0000000D
PORTA                             00000005
PORTB                             00000006
PORTC                             00000007
PORTD                             00000008
PORTE                             00000009
PR2                               00000092
PS0                               00000000
PS1                               00000001
PS2                               00000002
PSA                               00000003
PSPIE                             00000007
PSPIF                             00000007
PSPMODE                           00000004
PWM_DEGER                         00000024
PWM_DEGER2                        00000025
PWM_ISLEM                         0000005F
R                                 00000002
RA0                               00000000
RA1                               00000001
RA2                               00000002
RA3                               00000003
RA4                               00000004
RA5                               00000005
RB0                               00000000
RB1                               00000001
RB2                               00000002
RB3                               00000003
RB4                               00000004
RB5                               00000005
RB6                               00000006
RB7                               00000007
RBIE                              00000003
RBIF                              00000000
MPASM 5.84                    PWM_DENEME.ASM   12-3-2019  14:15:36         PAGE  8


SYMBOL TABLE
  LABEL                             VALUE 

RC0                               00000000
RC1                               00000001
RC2                               00000002
RC3                               00000003
RC4                               00000004
RC5                               00000005
RC6                               00000006
RC7                               00000007
RC8_9                             00000006
RC9                               00000006
RCD8                              00000000
RCEN                              00000003
RCIE                              00000005
RCIF                              00000005
RCREG                             0000001A
RCSTA                             00000018
RD                                00000000
RD0                               00000000
RD1                               00000001
RD2                               00000002
RD3                               00000003
RD4                               00000004
RD5                               00000005
RD6                               00000006
RD7                               00000007
RE0                               00000000
RE1                               00000001
RE2                               00000002
READ_WRITE                        00000002
RP0                               00000005
RP1                               00000006
RSEN                              00000001
RX9                               00000006
RX9D                              00000000
R_NOT_W                           00000002
R_W                               00000002
S                                 00000003
SAYAC1                            00000022
SAYAC2                            00000023
SEN                               00000000
SMP                               00000007
SPBRG                             00000099
SPEN                              00000007
SREN                              00000005
SSPADD                            00000093
SSPBUF                            00000013
SSPCON                            00000014
SSPCON2                           00000091
SSPEN                             00000005
SSPIE                             00000003
SSPIF                             00000003
SSPM0                             00000000
SSPM1                             00000001
MPASM 5.84                    PWM_DENEME.ASM   12-3-2019  14:15:36         PAGE  9


SYMBOL TABLE
  LABEL                             VALUE 

SSPM2                             00000002
SSPM3                             00000003
SSPOV                             00000006
SSPSTAT                           00000094
STATUS                            00000003
SYNC                              00000004
T0CS                              00000005
T0IE                              00000005
T0IF                              00000002
T0SE                              00000004
T1CKPS0                           00000004
T1CKPS1                           00000005
T1CON                             00000010
T1INSYNC                          00000002
T1OSCEN                           00000003
T1SYNC                            00000002
T2CKPS0                           00000000
T2CKPS1                           00000001
T2CON                             00000012
TMR0                              00000001
TMR0IE                            00000005
TMR0IF                            00000002
TMR1                              0000000E
TMR1CS                            00000001
TMR1H                             0000000F
TMR1IE                            00000000
TMR1IF                            00000000
TMR1L                             0000000E
TMR1ON                            00000000
TMR2                              00000011
TMR2IE                            00000001
TMR2IF                            00000001
TMR2ON                            00000002
TOUTPS0                           00000003
TOUTPS1                           00000004
TOUTPS2                           00000005
TOUTPS3                           00000006
TRISA                             00000085
TRISA0                            00000000
TRISA1                            00000001
TRISA2                            00000002
TRISA3                            00000003
TRISA4                            00000004
TRISA5                            00000005
TRISB                             00000086
TRISB0                            00000000
TRISB1                            00000001
TRISB2                            00000002
TRISB3                            00000003
TRISB4                            00000004
TRISB5                            00000005
TRISB6                            00000006
TRISB7                            00000007
MPASM 5.84                    PWM_DENEME.ASM   12-3-2019  14:15:36         PAGE 10


SYMBOL TABLE
  LABEL                             VALUE 

TRISC                             00000087
TRISC0                            00000000
TRISC1                            00000001
TRISC2                            00000002
TRISC3                            00000003
TRISC4                            00000004
TRISC5                            00000005
TRISC6                            00000006
TRISC7                            00000007
TRISD                             00000088
TRISD0                            00000000
TRISD1                            00000001
TRISD2                            00000002
TRISD3                            00000003
TRISD4                            00000004
TRISD5                            00000005
TRISD6                            00000006
TRISD7                            00000007
TRISE                             00000089
TRISE0                            00000000
TRISE1                            00000001
TRISE2                            00000002
TRMT                              00000001
TX8_9                             00000006
TX9                               00000006
TX9D                              00000000
TXD8                              00000000
TXEN                              00000005
TXIE                              00000004
TXIF                              00000004
TXREG                             00000019
TXSTA                             00000098
UA                                00000001
W                                 00000000
WCOL                              00000007
WR                                00000001
WREN                              00000002
WRERR                             00000003
Z                                 00000002
_BODEN_OFF                        00003FBF
_BODEN_ON                         00003FFF
_BOREN_OFF                        00003FBF
_BOREN_ON                         00003FFF
_CONFIG                           00002007
_CPD_OFF                          00003FFF
_CPD_ON                           00003EFF
_CP_ALL                           00000FCF
_CP_HALF                          00001FDF
_CP_OFF                           00003FFF
_CP_UPPER_256                     00002FEF
_DEBUG_OFF                        00003FFF
_DEBUG_ON                         000037FF
_DEVID1                           00002006
MPASM 5.84                    PWM_DENEME.ASM   12-3-2019  14:15:36         PAGE 11


SYMBOL TABLE
  LABEL                             VALUE 

_FOSC_EXTRC                       00003FFF
_FOSC_HS                          00003FFE
_FOSC_LP                          00003FFC
_FOSC_XT                          00003FFD
_HS_OSC                           00003FFE
_IDLOC0                           00002000
_IDLOC1                           00002001
_IDLOC2                           00002002
_IDLOC3                           00002003
_LP_OSC                           00003FFC
_LVP_OFF                          00003F7F
_LVP_ON                           00003FFF
_PWRTE_OFF                        00003FFF
_PWRTE_ON                         00003FF7
_RC_OSC                           00003FFF
_WDTE_OFF                         00003FFB
_WDTE_ON                          00003FFF
_WDT_OFF                          00003FFB
_WDT_ON                           00003FFF
_WRT_ENABLE_OFF                   00003DFF
_WRT_ENABLE_ON                    00003FFF
_WRT_OFF                          00003DFF
_WRT_ON                           00003FFF
_XT_OSC                           00003FFD
__16F877A                         00000001


MEMORY USAGE MAP ('X' = Used,  '-' = Unused)

0000 : XXXXXXXXXXXXXXXX XXXXXXXXXXXXXXXX XXXXXXXXXXXXXXXX XXXXXXXXXXXXXXXX
0040 : XXXXXXXXXXXXXXXX XXXXXXXXXXXXXXXX XXXXXXXXXXXXXXXX XXXXXXXXXXXXXXXX
0080 : XXXXXXXXXX------ ---------------- ---------------- ----------------
2000 : -------X-------- ---------------- ---------------- ----------------

All other memory blocks unused.

Program Memory Words Used:   138
Program Memory Words Free:  8054


Errors   :     0
Warnings :    12 reported,     0 suppressed
Messages :     5 reported,     0 suppressed

