MPASM 5.84                     DOTMATRIX.ASM   11-5-2019  2:17:50         PAGE  1


LOC  OBJECT CODE     LINE SOURCE TEXT
  VALUE

2007   3F31           00001     __CONFIG H'3F31'
                      00002     list p  = 16f877a
                      00003     #include<p16f877a.inc>
                      00001         LIST
                      00002 
                      00003 ;==========================================================================
                      00004 ; Build date : Mar 17 2019
                      00005 ;  MPASM PIC16F877A processor include
                      00006 ; 
                      00007 ;  (c) Copyright 1999-2019 Microchip Technology, All rights reserved
                      00008 ;==========================================================================
                      00009 
                      00567         LIST
                      00004     
0000                  00005     ORG 0X00
Warning[207]: Found label after column 1. (BAS)
  00000020            00006     BAS      EQU 0X20
Warning[207]: Found label after column 1. (DIKEY)
  00000021            00007     DIKEY   EQU 0X21
Warning[207]: Found label after column 1. (YATAY)
  00000022            00008     YATAY   EQU 0X22
Warning[207]: Found label after column 1. (DEG1)
  00000023            00009     DEG1    EQU 0X23
Warning[207]: Found label after column 1. (DEG2)
  00000024            00010     DEG2    EQU 0X24
Warning[207]: Found label after column 1. (INDEX)
  00000025            00011     INDEX   EQU 0X25
Warning[207]: Found label after column 1. (SON)
  00000026            00012     SON     EQU  0X26
Warning[207]: Found label after column 1. (DEGA)
  00000027            00013     DEGA    EQU  0X27
Warning[207]: Found label after column 1. (DEGB)
  00000028            00014     DEGB    EQU  0X28
                      00015  
0000   300A           00016     MOVLW 0X0A
0001   00A3           00017     MOVWF DEG1
                      00018     
0002   3003           00019     MOVLW 0X03
0003   00A4           00020     MOVWF DEG2
                      00021     
0004   3000           00022     MOVLW 0X00
0005   00A5           00023     MOVWF INDEX
0006   00A6           00024     MOVWF SON
                      00025     
Warning[207]: Found label after column 1. (BASLANGIC)
0007                  00026     BASLANGIC
0007   3003           00027         MOVLW 0X03
0008   00A0           00028         MOVWF BAS
0009   00A1           00029         MOVWF DIKEY
                      00030         
000A   3001           00031         MOVLW 0X01
000B   00A2           00032         MOVWF YATAY
                      00033         
MPASM 5.84                     DOTMATRIX.ASM   11-5-2019  2:17:50         PAGE  2


LOC  OBJECT CODE     LINE SOURCE TEXT
  VALUE

000C   1683 1303      00034         BANKSEL TRISA
000E   3006           00035         MOVLW 0X06
Message[302]: Register in operand not in bank 0.  Ensure that bank bits are correct.
000F   009F           00036         MOVWF ADCON1
0010   300F           00037         MOVLW b'00001111'
Message[302]: Register in operand not in bank 0.  Ensure that bank bits are correct.
0011   0085           00038         MOVWF TRISA
Message[302]: Register in operand not in bank 0.  Ensure that bank bits are correct.
0012   0187           00039         CLRF  TRISC
Message[302]: Register in operand not in bank 0.  Ensure that bank bits are correct.
0013   0186           00040         CLRF  TRISB
0014   1283 1303      00041         BANKSEL PORTA
0016   0185           00042         CLRF PORTA
0017   0187           00043         CLRF PORTC
0018   3007           00044         MOVLW b'00000111'
0019   0086           00045         MOVWF PORTB
001A   1407           00046         BSF PORTC,0
                      00047 
Warning[207]: Found label after column 1. (BTN_ARA)
001B                  00048     BTN_ARA
001B   1805           00049         BTFSC PORTA,0
001C   2824           00050         GOTO  YUKARI
001D   1885           00051         BTFSC PORTA,1
001E   282B           00052         GOTO  SAG
001F   1905           00053         BTFSC PORTA,2
0020   282B           00054         GOTO  ASAGI
0021   1985           00055         BTFSC PORTA,3
0022   282B           00056         GOTO  SOL
                      00057         
0023   281B           00058         GOTO  BTN_ARA
                      00059         
Warning[207]: Found label after column 1. (YUKARI)
0024                  00060     YUKARI
0024   1003           00061         BCF  STATUS,C
0025   0D86           00062         RLF  PORTB,F
0026   0AA6           00063         INCF  SON,F
0027   0AA0           00064         INCF  BAS,F
0028   2040           00065         CALL GECIKME
0029   204A           00066         CALL GECIKME_HIZLI
                      00067         
002A   281B           00068         GOTO BTN_ARA
                      00069         
                      00070         
Warning[207]: Found label after column 1. (SAG)
002B                  00071     SAG
                      00072     
Warning[207]: Found label after column 1. (ASAGI)
002B                  00073     ASAGI
                      00074     
Warning[207]: Found label after column 1. (SOL)
002B                  00075     SOL 
002B   03A1           00076         DECF  DIKEY,F
002C   0AA2           00077         INCF  YATAY,F  
MPASM 5.84                     DOTMATRIX.ASM   11-5-2019  2:17:50         PAGE  3


LOC  OBJECT CODE     LINE SOURCE TEXT
  VALUE

002D   0826           00078         MOVFW SON
002E   2084           00079         CALL LOOK_UPX
002F   0086           00080         MOVWF PORTB
0030   204A           00081         CALL  GECIKME_HIZLI
Warning[207]: Found label after column 1. (SUPUR)
0031                  00082     SUPUR
0031   0D87           00083         RLF PORTC,F
0032   0820           00084         MOVFW BAS
0033   207C           00085         CALL SOLA_DONDUR
0034   0086           00086         MOVWF PORTB
0035   204A           00087         CALL GECIKME_HIZLI
                      00088         
Warning[207]: Found label after column 1. (SUPUR2)
0036                  00089     SUPUR2
0036   0C87           00090         RRF   PORTC,F
0037   03A1           00091         DECF  DIKEY,F
0038   0AA2           00092         INCF  YATAY,F
0039   0826           00093         MOVFW SON
003A   2084           00094         CALL LOOK_UPX
003B   0086           00095         MOVWF PORTB
003C   204A           00096         CALL  GECIKME_HIZLI
                      00097         
003D   1985           00098         BTFSC PORTA,3
003E   2854           00099         GOTO  YATAY3
                      00100         
                      00101         
003F   2831           00102         GOTO  SUPUR
                      00103         
Warning[207]: Found label after column 1. (GECIKME)
0040                  00104     GECIKME
0040   0BA3           00105         DECFSZ DEG1,F
0041   2847           00106         GOTO DEG2AZALT
0042   30FF           00107         MOVLW 0XFF
0043   00A3           00108         MOVWF DEG1
0044   30FF           00109         MOVLW 0XFF
0045   00A4           00110         MOVWF DEG2
0046   0008           00111         RETURN
                      00112         
Warning[207]: Found label after column 1. (DEG2AZALT)
0047                  00113     DEG2AZALT
0047   0BA4           00114         DECFSZ DEG2,F
0048   2847           00115         GOTO DEG2AZALT
0049   2840           00116         GOTO GECIKME
                      00117 
Warning[207]: Found label after column 1. (GECIKME_HIZLI)
004A                  00118     GECIKME_HIZLI
004A   0BA7           00119         DECFSZ DEGA,F
004B   2851           00120         GOTO DEGB_AZALT
004C   3012           00121         MOVLW 0X12
004D   00A7           00122         MOVWF DEGA
004E   301A           00123         MOVLW 0X1A
004F   00A8           00124         MOVWF DEGB
0050   0008           00125         RETURN
MPASM 5.84                     DOTMATRIX.ASM   11-5-2019  2:17:50         PAGE  4


LOC  OBJECT CODE     LINE SOURCE TEXT
  VALUE

                      00126         
Warning[207]: Found label after column 1. (DEGB_AZALT)
0051                  00127     DEGB_AZALT
0051   0BA8           00128         DECFSZ DEGB,F
0052   2851           00129         GOTO DEGB_AZALT
0053   284A           00130         GOTO GECIKME_HIZLI
                      00131         
Warning[207]: Found label after column 1. (YATAY3)
0054                  00132     YATAY3
0054   03A1           00133         DECF  DIKEY,F
0055   0AA2           00134         INCF  YATAY,F
0056   0820           00135         MOVFW BAS
0057   2074           00136         CALL YATAY3_LOOK
0058   0086           00137         MOVWF PORTB
                      00138         
Warning[207]: Found label after column 1. (SUPUR3)
0059                  00139     SUPUR3
0059   0D87           00140         RLF PORTC,F
005A   0820           00141         MOVFW BAS
005B   207C           00142         CALL SOLA_DONDUR
005C   0086           00143         MOVWF PORTB
005D   204A           00144         CALL GECIKME_HIZLI
                      00145         
Warning[207]: Found label after column 1. (SUPUR4)
005E                  00146     SUPUR4 
005E   0D87           00147         RLF PORTC,F
005F   0820           00148         MOVFW BAS
0060   207C           00149         CALL SOLA_DONDUR
0061   0086           00150         MOVWF PORTB
0062   204A           00151         CALL GECIKME_HIZLI
                      00152     
Warning[207]: Found label after column 1. (SUPUR5)
0063                  00153     SUPUR5
0063   0C87           00154         RRF PORTC,F
0064   0820           00155         MOVFW BAS
0065   207C           00156         CALL SOLA_DONDUR
0066   0086           00157         MOVWF PORTB
0067   204A           00158         CALL GECIKME_HIZLI
                      00159 
Warning[207]: Found label after column 1. (SUPUR6)
0068                  00160     SUPUR6
0068   0C87           00161         RRF PORTC,F
0069   0820           00162         MOVFW BAS
006A   207C           00163         CALL SOLA_DONDUR
006B   0086           00164         MOVWF PORTB
006C   204A           00165         CALL GECIKME_HIZLI
                      00166         
006D   1D85           00167         BTFSS PORTA,3
006E   2859           00168         GOTO  SUPUR3
006F   2040           00169         CALL  GECIKME
0070   2040           00170         CALL  GECIKME
                      00171 
Warning[207]: Found label after column 1. (SOLAKAYDIR)
MPASM 5.84                     DOTMATRIX.ASM   11-5-2019  2:17:50         PAGE  5


LOC  OBJECT CODE     LINE SOURCE TEXT
  VALUE

0071                  00172     SOLAKAYDIR
0071   0D87           00173         RLF PORTC,F
0072   204A           00174         CALL GECIKME_HIZLI
0073   2859           00175         GOTO SUPUR3
                      00176         
Warning[207]: Found label after column 1. (YATAY3_LOOK)
0074                  00177     YATAY3_LOOK
0074   0782           00178         ADDWF PCL,F
0075   3400           00179         RETLW b'00000000'
0076   3400           00180         RETLW b'00000000'
0077   3404           00181         RETLW b'00000100'
0078   3404           00182         RETLW b'00000100'
0079   3408           00183         RETLW b'00001000'
007A   3410           00184         RETLW b'00010000'
007B   3420           00185         RETLW b'00100000'
                      00186         
Warning[207]: Found label after column 1. (SOLA_DONDUR)
007C                  00187     SOLA_DONDUR
007C   0782           00188         ADDWF   PCL,F
007D   3400           00189         RETLW  b'00000000'
007E   3400           00190         RETLW  b'00000000'
007F   3400           00191         RETLW  b'00000000'
0080   3404           00192         RETLW  b'00000100'
0081   3408           00193         RETLW  b'00001000'
0082   3410           00194         RETLW  b'00010000'
0083   3420           00195         RETLW  b'00100000'
                      00196         
Warning[207]: Found label after column 1. (LOOK_UPX)
0084                  00197     LOOK_UPX
0084   0782           00198         ADDWF PCL,F
0085   3406           00199         RETLW b'00000110'
0086   340C           00200         RETLW b'00001100'
0087   3418           00201         RETLW b'00011000'
0088   3430           00202         RETLW b'00110000'
0089   3460           00203         RETLW b'01100000'
008A   34C0           00204         RETLW b'11000000'
                      00205     
                      00206     END
MPASM 5.84                     DOTMATRIX.ASM   11-5-2019  2:17:50         PAGE  6


SYMBOL TABLE
  LABEL                             VALUE 

ACKDT                             00000005
ACKEN                             00000004
ACKSTAT                           00000006
ADCON0                            0000001F
ADCON1                            0000009F
ADCS0                             00000006
ADCS1                             00000007
ADCS2                             00000006
ADDEN                             00000003
ADFM                              00000007
ADIE                              00000006
ADIF                              00000006
ADON                              00000000
ADRESH                            0000001E
ADRESL                            0000009E
ASAGI                             0000002B
BAS                               00000020
BASLANGIC                         00000007
BCLIE                             00000003
BCLIF                             00000003
BF                                00000000
BRGH                              00000002
BTN_ARA                           0000001B
C                                 00000000
C1INV                             00000004
C1OUT                             00000006
C2INV                             00000005
C2OUT                             00000007
CCP1CON                           00000017
CCP1IE                            00000002
CCP1IF                            00000002
CCP1M0                            00000000
CCP1M1                            00000001
CCP1M2                            00000002
CCP1M3                            00000003
CCP1X                             00000005
CCP1Y                             00000004
CCP2CON                           0000001D
CCP2IE                            00000000
CCP2IF                            00000000
CCP2M0                            00000000
CCP2M1                            00000001
CCP2M2                            00000002
CCP2M3                            00000003
CCP2X                             00000005
CCP2Y                             00000004
CCPR1                             00000015
CCPR1H                            00000016
CCPR1L                            00000015
CCPR2                             0000001B
CCPR2H                            0000001C
CCPR2L                            0000001B
CHS0                              00000003
MPASM 5.84                     DOTMATRIX.ASM   11-5-2019  2:17:50         PAGE  7


SYMBOL TABLE
  LABEL                             VALUE 

CHS1                              00000004
CHS2                              00000005
CIS                               00000003
CKE                               00000006
CKP                               00000004
CM0                               00000000
CM1                               00000001
CM2                               00000002
CMCON                             0000009C
CMIE                              00000006
CMIF                              00000006
CREN                              00000004
CSRC                              00000007
CVR0                              00000000
CVR1                              00000001
CVR2                              00000002
CVR3                              00000003
CVRCON                            0000009D
CVREN                             00000007
CVROE                             00000006
CVRR                              00000005
D                                 00000005
DATA_ADDRESS                      00000005
DC                                00000001
DEG1                              00000023
DEG2                              00000024
DEG2AZALT                         00000047
DEGA                              00000027
DEGB                              00000028
DEGB_AZALT                        00000051
DIKEY                             00000021
D_A                               00000005
D_NOT_A                           00000005
EEADR                             0000010D
EEADRH                            0000010F
EECON1                            0000018C
EECON2                            0000018D
EEDATA                            0000010C
EEDATH                            0000010E
EEIE                              00000004
EEIF                              00000004
EEPGD                             00000007
F                                 00000001
FERR                              00000002
FSR                               00000004
GCEN                              00000007
GECIKME                           00000040
GECIKME_HIZLI                     0000004A
GIE                               00000007
GO                                00000002
GO_DONE                           00000002
GO_NOT_DONE                       00000002
I2C_DATA                          00000005
MPASM 5.84                     DOTMATRIX.ASM   11-5-2019  2:17:50         PAGE  8


SYMBOL TABLE
  LABEL                             VALUE 

I2C_READ                          00000002
I2C_START                         00000003
I2C_STOP                          00000004
IBF                               00000007
IBOV                              00000005
INDEX                             00000025
INDF                              00000000
INTCON                            0000000B
INTE                              00000004
INTEDG                            00000006
INTF                              00000001
IRP                               00000007
LOOK_UPX                          00000084
NOT_A                             00000005
NOT_ADDRESS                       00000005
NOT_BO                            00000000
NOT_BOR                           00000000
NOT_DONE                          00000002
NOT_PD                            00000003
NOT_POR                           00000001
NOT_RBPU                          00000007
NOT_RC8                           00000006
NOT_T1SYNC                        00000002
NOT_TO                            00000004
NOT_TX8                           00000006
NOT_W                             00000002
NOT_WRITE                         00000002
OBF                               00000006
OERR                              00000001
OPTION_REG                        00000081
P                                 00000004
PCFG0                             00000000
PCFG1                             00000001
PCFG2                             00000002
PCFG3                             00000003
PCL                               00000002
PCLATH                            0000000A
PCON                              0000008E
PEIE                              00000006
PEN                               00000002
PIE1                              0000008C
PIE2                              0000008D
PIR1                              0000000C
PIR2                              0000000D
PORTA                             00000005
PORTB                             00000006
PORTC                             00000007
PORTD                             00000008
PORTE                             00000009
PR2                               00000092
PS0                               00000000
PS1                               00000001
PS2                               00000002
MPASM 5.84                     DOTMATRIX.ASM   11-5-2019  2:17:50         PAGE  9


SYMBOL TABLE
  LABEL                             VALUE 

PSA                               00000003
PSPIE                             00000007
PSPIF                             00000007
PSPMODE                           00000004
R                                 00000002
RA0                               00000000
RA1                               00000001
RA2                               00000002
RA3                               00000003
RA4                               00000004
RA5                               00000005
RB0                               00000000
RB1                               00000001
RB2                               00000002
RB3                               00000003
RB4                               00000004
RB5                               00000005
RB6                               00000006
RB7                               00000007
RBIE                              00000003
RBIF                              00000000
RC0                               00000000
RC1                               00000001
RC2                               00000002
RC3                               00000003
RC4                               00000004
RC5                               00000005
RC6                               00000006
RC7                               00000007
RC8_9                             00000006
RC9                               00000006
RCD8                              00000000
RCEN                              00000003
RCIE                              00000005
RCIF                              00000005
RCREG                             0000001A
RCSTA                             00000018
RD                                00000000
RD0                               00000000
RD1                               00000001
RD2                               00000002
RD3                               00000003
RD4                               00000004
RD5                               00000005
RD6                               00000006
RD7                               00000007
RE0                               00000000
RE1                               00000001
RE2                               00000002
READ_WRITE                        00000002
RP0                               00000005
RP1                               00000006
RSEN                              00000001
MPASM 5.84                     DOTMATRIX.ASM   11-5-2019  2:17:50         PAGE 10


SYMBOL TABLE
  LABEL                             VALUE 

RX9                               00000006
RX9D                              00000000
R_NOT_W                           00000002
R_W                               00000002
S                                 00000003
SAG                               0000002B
SEN                               00000000
SMP                               00000007
SOL                               0000002B
SOLAKAYDIR                        00000071
SOLA_DONDUR                       0000007C
SON                               00000026
SPBRG                             00000099
SPEN                              00000007
SREN                              00000005
SSPADD                            00000093
SSPBUF                            00000013
SSPCON                            00000014
SSPCON2                           00000091
SSPEN                             00000005
SSPIE                             00000003
SSPIF                             00000003
SSPM0                             00000000
SSPM1                             00000001
SSPM2                             00000002
SSPM3                             00000003
SSPOV                             00000006
SSPSTAT                           00000094
STATUS                            00000003
SUPUR                             00000031
SUPUR2                            00000036
SUPUR3                            00000059
SUPUR4                            0000005E
SUPUR5                            00000063
SUPUR6                            00000068
SYNC                              00000004
T0CS                              00000005
T0IE                              00000005
T0IF                              00000002
T0SE                              00000004
T1CKPS0                           00000004
T1CKPS1                           00000005
T1CON                             00000010
T1INSYNC                          00000002
T1OSCEN                           00000003
T1SYNC                            00000002
T2CKPS0                           00000000
T2CKPS1                           00000001
T2CON                             00000012
TMR0                              00000001
TMR0IE                            00000005
TMR0IF                            00000002
TMR1                              0000000E
MPASM 5.84                     DOTMATRIX.ASM   11-5-2019  2:17:50         PAGE 11


SYMBOL TABLE
  LABEL                             VALUE 

TMR1CS                            00000001
TMR1H                             0000000F
TMR1IE                            00000000
TMR1IF                            00000000
TMR1L                             0000000E
TMR1ON                            00000000
TMR2                              00000011
TMR2IE                            00000001
TMR2IF                            00000001
TMR2ON                            00000002
TOUTPS0                           00000003
TOUTPS1                           00000004
TOUTPS2                           00000005
TOUTPS3                           00000006
TRISA                             00000085
TRISA0                            00000000
TRISA1                            00000001
TRISA2                            00000002
TRISA3                            00000003
TRISA4                            00000004
TRISA5                            00000005
TRISB                             00000086
TRISB0                            00000000
TRISB1                            00000001
TRISB2                            00000002
TRISB3                            00000003
TRISB4                            00000004
TRISB5                            00000005
TRISB6                            00000006
TRISB7                            00000007
TRISC                             00000087
TRISC0                            00000000
TRISC1                            00000001
TRISC2                            00000002
TRISC3                            00000003
TRISC4                            00000004
TRISC5                            00000005
TRISC6                            00000006
TRISC7                            00000007
TRISD                             00000088
TRISD0                            00000000
TRISD1                            00000001
TRISD2                            00000002
TRISD3                            00000003
TRISD4                            00000004
TRISD5                            00000005
TRISD6                            00000006
TRISD7                            00000007
TRISE                             00000089
TRISE0                            00000000
TRISE1                            00000001
TRISE2                            00000002
TRMT                              00000001
MPASM 5.84                     DOTMATRIX.ASM   11-5-2019  2:17:50         PAGE 12


SYMBOL TABLE
  LABEL                             VALUE 

TX8_9                             00000006
TX9                               00000006
TX9D                              00000000
TXD8                              00000000
TXEN                              00000005
TXIE                              00000004
TXIF                              00000004
TXREG                             00000019
TXSTA                             00000098
UA                                00000001
W                                 00000000
WCOL                              00000007
WR                                00000001
WREN                              00000002
WRERR                             00000003
YATAY                             00000022
YATAY3                            00000054
YATAY3_LOOK                       00000074
YUKARI                            00000024
Z                                 00000002
_BODEN_OFF                        00003FBF
_BODEN_ON                         00003FFF
_BOREN_OFF                        00003FBF
_BOREN_ON                         00003FFF
_CONFIG                           00002007
_CPD_OFF                          00003FFF
_CPD_ON                           00003EFF
_CP_ALL                           00001FFF
_CP_OFF                           00003FFF
_CP_ON                            00001FFF
_DEBUG_OFF                        00003FFF
_DEBUG_ON                         000037FF
_DEVID1                           00002006
_FOSC_EXTRC                       00003FFF
_FOSC_HS                          00003FFE
_FOSC_LP                          00003FFC
_FOSC_XT                          00003FFD
_HS_OSC                           00003FFE
_IDLOC0                           00002000
_IDLOC1                           00002001
_IDLOC2                           00002002
_IDLOC3                           00002003
_LP_OSC                           00003FFC
_LVP_OFF                          00003F7F
_LVP_ON                           00003FFF
_PWRTE_OFF                        00003FFF
_PWRTE_ON                         00003FF7
_RC_OSC                           00003FFF
_WDTE_OFF                         00003FFB
_WDTE_ON                          00003FFF
_WDT_OFF                          00003FFB
_WDT_ON                           00003FFF
_WRT_1FOURTH                      00003BFF
MPASM 5.84                     DOTMATRIX.ASM   11-5-2019  2:17:50         PAGE 13


SYMBOL TABLE
  LABEL                             VALUE 

_WRT_256                          00003DFF
_WRT_HALF                         000039FF
_WRT_OFF                          00003FFF
_XT_OSC                           00003FFD
__16F877A                         00000001


MEMORY USAGE MAP ('X' = Used,  '-' = Unused)

0000 : XXXXXXXXXXXXXXXX XXXXXXXXXXXXXXXX XXXXXXXXXXXXXXXX XXXXXXXXXXXXXXXX
0040 : XXXXXXXXXXXXXXXX XXXXXXXXXXXXXXXX XXXXXXXXXXXXXXXX XXXXXXXXXXXXXXXX
0080 : XXXXXXXXXXX----- ---------------- ---------------- ----------------
2000 : -------X-------- ---------------- ---------------- ----------------

All other memory blocks unused.

Program Memory Words Used:   139
Program Memory Words Free:  8053


Errors   :     0
Warnings :    30 reported,     0 suppressed
Messages :     4 reported,     0 suppressed

