Warning[207] C:\USERS\FATAY\MPLABXPROJECTS\DOTMATRIX.X\DOTMATRIX.ASM 6 : Found label after column 1. (BAS)
Warning[207] C:\USERS\FATAY\MPLABXPROJECTS\DOTMATRIX.X\DOTMATRIX.ASM 7 : Found label after column 1. (DIKEY)
Warning[207] C:\USERS\FATAY\MPLABXPROJECTS\DOTMATRIX.X\DOTMATRIX.ASM 8 : Found label after column 1. (YATAY)
Warning[207] C:\USERS\FATAY\MPLABXPROJECTS\DOTMATRIX.X\DOTMATRIX.ASM 9 : Found label after column 1. (DEG1)
Warning[207] C:\USERS\FATAY\MPLABXPROJECTS\DOTMATRIX.X\DOTMATRIX.ASM 10 : Found label after column 1. (DEG2)
Warning[207] C:\USERS\FATAY\MPLABXPROJECTS\DOTMATRIX.X\DOTMATRIX.ASM 11 : Found label after column 1. (INDEX)
Warning[207] C:\USERS\FATAY\MPLABXPROJECTS\DOTMATRIX.X\DOTMATRIX.ASM 12 : Found label after column 1. (SON)
Warning[207] C:\USERS\FATAY\MPLABXPROJECTS\DOTMATRIX.X\DOTMATRIX.ASM 13 : Found label after column 1. (DEGA)
Warning[207] C:\USERS\FATAY\MPLABXPROJECTS\DOTMATRIX.X\DOTMATRIX.ASM 14 : Found label after column 1. (DEGB)
Warning[207] C:\USERS\FATAY\MPLABXPROJECTS\DOTMATRIX.X\DOTMATRIX.ASM 26 : Found label after column 1. (BASLANGIC)
Message[302] C:\USERS\FATAY\MPLABXPROJECTS\DOTMATRIX.X\DOTMATRIX.ASM 36 : Register in operand not in bank 0.  Ensure that bank bits are correct.
Message[302] C:\USERS\FATAY\MPLABXPROJECTS\DOTMATRIX.X\DOTMATRIX.ASM 38 : Register in operand not in bank 0.  Ensure that bank bits are correct.
Message[302] C:\USERS\FATAY\MPLABXPROJECTS\DOTMATRIX.X\DOTMATRIX.ASM 39 : Register in operand not in bank 0.  Ensure that bank bits are correct.
Message[302] C:\USERS\FATAY\MPLABXPROJECTS\DOTMATRIX.X\DOTMATRIX.ASM 40 : Register in operand not in bank 0.  Ensure that bank bits are correct.
Warning[207] C:\USERS\FATAY\MPLABXPROJECTS\DOTMATRIX.X\DOTMATRIX.ASM 48 : Found label after column 1. (BTN_ARA)
Warning[207] C:\USERS\FATAY\MPLABXPROJECTS\DOTMATRIX.X\DOTMATRIX.ASM 60 : Found label after column 1. (YUKARI)
Warning[207] C:\USERS\FATAY\MPLABXPROJECTS\DOTMATRIX.X\DOTMATRIX.ASM 71 : Found label after column 1. (SAG)
Warning[207] C:\USERS\FATAY\MPLABXPROJECTS\DOTMATRIX.X\DOTMATRIX.ASM 73 : Found label after column 1. (ASAGI)
Warning[207] C:\USERS\FATAY\MPLABXPROJECTS\DOTMATRIX.X\DOTMATRIX.ASM 75 : Found label after column 1. (SOL)
Warning[207] C:\USERS\FATAY\MPLABXPROJECTS\DOTMATRIX.X\DOTMATRIX.ASM 82 : Found label after column 1. (SUPUR)
Warning[207] C:\USERS\FATAY\MPLABXPROJECTS\DOTMATRIX.X\DOTMATRIX.ASM 89 : Found label after column 1. (SUPUR2)
Warning[207] C:\USERS\FATAY\MPLABXPROJECTS\DOTMATRIX.X\DOTMATRIX.ASM 104 : Found label after column 1. (GECIKME)
Warning[207] C:\USERS\FATAY\MPLABXPROJECTS\DOTMATRIX.X\DOTMATRIX.ASM 113 : Found label after column 1. (DEG2AZALT)
Warning[207] C:\USERS\FATAY\MPLABXPROJECTS\DOTMATRIX.X\DOTMATRIX.ASM 118 : Found label after column 1. (GECIKME_HIZLI)
Warning[207] C:\USERS\FATAY\MPLABXPROJECTS\DOTMATRIX.X\DOTMATRIX.ASM 127 : Found label after column 1. (DEGB_AZALT)
Warning[207] C:\USERS\FATAY\MPLABXPROJECTS\DOTMATRIX.X\DOTMATRIX.ASM 132 : Found label after column 1. (YATAY3)
Warning[207] C:\USERS\FATAY\MPLABXPROJECTS\DOTMATRIX.X\DOTMATRIX.ASM 139 : Found label after column 1. (SUPUR3)
Warning[207] C:\USERS\FATAY\MPLABXPROJECTS\DOTMATRIX.X\DOTMATRIX.ASM 146 : Found label after column 1. (SUPUR4)
Warning[207] C:\USERS\FATAY\MPLABXPROJECTS\DOTMATRIX.X\DOTMATRIX.ASM 153 : Found label after column 1. (SUPUR5)
Warning[207] C:\USERS\FATAY\MPLABXPROJECTS\DOTMATRIX.X\DOTMATRIX.ASM 160 : Found label after column 1. (SUPUR6)
Warning[207] C:\USERS\FATAY\MPLABXPROJECTS\DOTMATRIX.X\DOTMATRIX.ASM 172 : Found label after column 1. (SOLAKAYDIR)
Warning[207] C:\USERS\FATAY\MPLABXPROJECTS\DOTMATRIX.X\DOTMATRIX.ASM 177 : Found label after column 1. (YATAY3_LOOK)
Warning[207] C:\USERS\FATAY\MPLABXPROJECTS\DOTMATRIX.X\DOTMATRIX.ASM 187 : Found label after column 1. (SOLA_DONDUR)
Warning[207] C:\USERS\FATAY\MPLABXPROJECTS\DOTMATRIX.X\DOTMATRIX.ASM 197 : Found label after column 1. (LOOK_UPX)
