MPASM 5.84                         ODEV2.ASM   11-9-2019  19:48:42         PAGE  1


LOC  OBJECT CODE     LINE SOURCE TEXT
  VALUE

Warning[205]: Found directive in column 1. (list)
                      00001 list p = 16f877a
                      00002 #include<p16f877a.inc>
                      00001         LIST
                      00002 
                      00003 ;==========================================================================
                      00004 ; Build date : Mar 17 2019
                      00005 ;  MPASM PIC16F877A processor include
                      00006 ; 
                      00007 ;  (c) Copyright 1999-2019 Microchip Technology, All rights reserved
                      00008 ;==========================================================================
                      00009 
                      00567         LIST
                      00003     
Warning[205]: Found directive in column 1. (__CONFIG)
2007   3F31           00004 __CONFIG H'3F31'                        ;ayarlamalar
                      00005 
  00000020            00006 SAG     EQU     0X20                    ;kullanilacak degiskenler
  00000021            00007 SOL     EQU     0X21
  00000022            00008 LTEMP   EQU     0X22
  00000023            00009 TMRS    EQU     0x23
  00000024            00010 DEG1   EQU      0X24
  00000025            00011 DEG2   EQU      0X25
                      00012 
  0000007D            00013 w_temp          EQU     0x7D            ;shadow temporary degiskenler
  0000007E            00014 status_temp     EQU     0x7E            
  0000007F            00015 pclath_temp     EQU     0x7F 
                      00016         
Warning[205]: Found directive in column 1. (ORG)
                      00017 ORG 0X000
Warning[203]: Found opcode in column 1. (NOP)
0000   0000           00018 NOP
Warning[203]: Found opcode in column 1. (GOTO)
0001   2???           00019 GOTO ON_AYARLAR
                      00020         
Warning[205]: Found directive in column 1. (ORG)
                      00021 ORG 0X004
0004                  00022 KESME
0004   00FD           00023         MOVWF   w_temp                  ; yedek_wreg
0005   0803           00024         MOVF    STATUS,w                ; yedek_status
0006   00FE           00025         MOVWF   status_temp             
0007   080A           00026         MOVF    PCLATH,w                ; yedek_pclath
0008   00FF           00027         MOVWF   pclath_temp             
                      00028         
0009   100C           00029         BCF PIR1,0                      ;bayragi indir
000A   300B           00030         MOVLW 0X0B
000B   008F           00031         MOVWF TMR1H
000C   30DB           00032         MOVLW 0XDB
000D   008E           00033         MOVWF TMR1L
                      00034         
000E   0AA3           00035         INCF TMRS,F
000F   3002           00036         MOVLW D'2'
0010   1103           00037         BCF STATUS,Z
MPASM 5.84                         ODEV2.ASM   11-9-2019  19:48:42         PAGE  2


LOC  OBJECT CODE     LINE SOURCE TEXT
  VALUE

0011   0223           00038         SUBWF TMRS,W
0012   1D03           00039         BTFSS STATUS,Z
0013   2???           00040         GOTO DONUS
0014   01A3           00041         CLRF TMRS
                      00042         
                      00043 
0015   0AA0           00044         INCF SAG,F
0016   300A           00045         MOVLW D'10'
0017   0220           00046         SUBWF SAG,W
0018   1903           00047         BTFSC STATUS,Z
0019   2???           00048         CALL SOL_ARTIR
                      00049         
001A   2???           00050         GOTO DONUS
                      00051         
                      00052 
001B                  00053 DONUS
001B   087F           00054         MOVF     pclath_temp,w  ;yedekleri geri yukle
001C   008A           00055         MOVWF    PCLATH                         
001D   087E           00056         MOVF    status_temp,w           
001E   0083           00057         MOVWF    STATUS                 
001F   0EFD           00058         SWAPF    w_temp,f
0020   0E7D           00059         SWAPF   w_temp,w 
0021   0009           00060         RETFIE     
                      00061         
                      00062 
0022                  00063 ON_AYARLAR
0022   3008           00064         MOVLW 0X08
0023   00A4           00065         MOVWF DEG1
                      00066     
0024   3003           00067         MOVLW 0X03
0025   00A5           00068         MOVWF DEG2
                      00069         
0026   1683 1303      00070         BANKSEL TRISB
Message[302]: Register in operand not in bank 0.  Ensure that bank bits are correct.
0028   0186           00071         CLRF TRISB
0029   3006           00072         MOVLW 0X06
Message[302]: Register in operand not in bank 0.  Ensure that bank bits are correct.
002A   009F           00073         MOVWF ADCON1                ;A portu dijital olarak ayarlandi
Message[302]: Register in operand not in bank 0.  Ensure that bank bits are correct.
002B   0185           00074         CLRF  TRISA                 ;A portu cikis olarak ayarlandi
Message[302]: Register in operand not in bank 0.  Ensure that bank bits are correct.
002C   140C           00075         BSF PIE1,TMR1IE     ;interrupt enable biti aktif
                      00076         
002D   1283 1303      00077         BANKSEL PORTA
                      00078         
002F   3000           00079         MOVLW 0X00
0030   00A1           00080         MOVWF SOL
0031   00A0           00081         MOVWF SAG
0032   2???           00082         CALL  LOOK_UP
0033   0086           00083         MOVWF PORTB
                      00084 
0034   3030           00085         MOVLW b'00110000'           ;preskaler ayari
0035   0090           00086         MOVWF T1CON                 ;timer1 preskaler
MPASM 5.84                         ODEV2.ASM   11-9-2019  19:48:42         PAGE  3


LOC  OBJECT CODE     LINE SOURCE TEXT
  VALUE

0036   1410           00087         BSF T1CON,0                 ;tmr1 aktif edildi
0037   01A3           00088         CLRF TMRS                   ;sayaci sifirlayalim
                      00089         
0038   300B           00090         MOVLW 0X0B
0039   008F           00091         MOVWF TMR1H
003A   30DB           00092         MOVLW 0XDB
003B   008E           00093         MOVWF TMR1L
                      00094         
003C   178B           00095         BSF INTCON,GIE
003D   170B           00096         BSF INTCON,PEIE
                      00097 
003E                  00098 CALIS   
003E   3002           00099         MOVLW 0X02
003F   0085           00100         MOVWF PORTA
0040   0820           00101         MOVFW SAG
0041   2???           00102         CALL LOOK_UP
0042   0086           00103         MOVWF PORTB
0043   2???           00104         CALL  GECIKME
                      00105         
0044   3001           00106         MOVLW 0X01
0045   0085           00107         MOVWF PORTA
0046   0821           00108         MOVFW SOL
0047   2???           00109         CALL LOOK_UP
0048   0086           00110         MOVWF PORTB
0049   2???           00111         CALL GECIKME 
                      00112         
004A   2???           00113         GOTO CALIS
                      00114         
004B                  00115 LOOK_UP
004B   0782           00116         ADDWF   PCL,F
004C   343F           00117         RETLW   0x3F
004D   3406           00118         RETLW   0x06
004E   345B           00119         RETLW   0x5B
004F   344F           00120         RETLW   0x4F
0050   3466           00121         RETLW   0x66
0051   346D           00122         RETLW   0x6D
0052   347D           00123         RETLW   0x7D
0053   3407           00124         RETLW   0x07
0054   347F           00125         RETLW   0x7F
0055   346F           00126         RETLW   0x6F
                      00127         
0056                  00128 GECIKME
0056   0BA4           00129         DECFSZ DEG1,F
0057   2???           00130         GOTO DEG2AZALT
0058   3008           00131         MOVLW 0X08
0059   00A4           00132         MOVWF DEG1
005A   3003           00133         MOVLW 0X03
005B   00A5           00134         MOVWF DEG2
005C   0008           00135         RETURN
                      00136         
005D                  00137 DEG2AZALT
005D   0BA5           00138         DECFSZ DEG2,F
005E   2???           00139         GOTO DEG2AZALT
MPASM 5.84                         ODEV2.ASM   11-9-2019  19:48:42         PAGE  4


LOC  OBJECT CODE     LINE SOURCE TEXT
  VALUE

005F   2???           00140         GOTO GECIKME
                      00141         
0060                  00142 SOL_ARTIR
0060   01A0           00143         CLRF SAG
Message[305]: Using default destination of 1 (file).
0061   0AA1           00144         INCF SOL
                      00145         
0062   3006           00146         MOVLW 0X06
0063   1103           00147         BCF STATUS,Z
0064   0221           00148         SUBWF SOL,W
0065   1903           00149         BTFSC STATUS,Z
0066   2???           00150         GOTO ON_AYARLAR
0067   0008           00151         RETURN
                      00152         
Warning[205]: Found directive in column 1. (END)
3F31                  00153 END
MPASM 5.84                         ODEV2.ASM   11-9-2019  19:48:42         PAGE  5


SYMBOL TABLE
  LABEL                             VALUE 

ACKDT                             00000005
ACKEN                             00000004
ACKSTAT                           00000006
ADCON0                            0000001F
ADCON1                            0000009F
ADCS0                             00000006
ADCS1                             00000007
ADCS2                             00000006
ADDEN                             00000003
ADFM                              00000007
ADIE                              00000006
ADIF                              00000006
ADON                              00000000
ADRESH                            0000001E
ADRESL                            0000009E
BCLIE                             00000003
BCLIF                             00000003
BF                                00000000
BRGH                              00000002
C                                 00000000
C1INV                             00000004
C1OUT                             00000006
C2INV                             00000005
C2OUT                             00000007
CALIS                             0000003E
CCP1CON                           00000017
CCP1IE                            00000002
CCP1IF                            00000002
CCP1M0                            00000000
CCP1M1                            00000001
CCP1M2                            00000002
CCP1M3                            00000003
CCP1X                             00000005
CCP1Y                             00000004
CCP2CON                           0000001D
CCP2IE                            00000000
CCP2IF                            00000000
CCP2M0                            00000000
CCP2M1                            00000001
CCP2M2                            00000002
CCP2M3                            00000003
CCP2X                             00000005
CCP2Y                             00000004
CCPR1                             00000015
CCPR1H                            00000016
CCPR1L                            00000015
CCPR2                             0000001B
CCPR2H                            0000001C
CCPR2L                            0000001B
CHS0                              00000003
CHS1                              00000004
CHS2                              00000005
CIS                               00000003
MPASM 5.84                         ODEV2.ASM   11-9-2019  19:48:42         PAGE  6


SYMBOL TABLE
  LABEL                             VALUE 

CKE                               00000006
CKP                               00000004
CM0                               00000000
CM1                               00000001
CM2                               00000002
CMCON                             0000009C
CMIE                              00000006
CMIF                              00000006
CREN                              00000004
CSRC                              00000007
CVR0                              00000000
CVR1                              00000001
CVR2                              00000002
CVR3                              00000003
CVRCON                            0000009D
CVREN                             00000007
CVROE                             00000006
CVRR                              00000005
D                                 00000005
DATA_ADDRESS                      00000005
DC                                00000001
DEG1                              00000024
DEG2                              00000025
DEG2AZALT                         0000005D
DONUS                             0000001B
D_A                               00000005
D_NOT_A                           00000005
EEADR                             0000010D
EEADRH                            0000010F
EECON1                            0000018C
EECON2                            0000018D
EEDATA                            0000010C
EEDATH                            0000010E
EEIE                              00000004
EEIF                              00000004
EEPGD                             00000007
F                                 00000001
FERR                              00000002
FSR                               00000004
GCEN                              00000007
GECIKME                           00000056
GIE                               00000007
GO                                00000002
GO_DONE                           00000002
GO_NOT_DONE                       00000002
I2C_DATA                          00000005
I2C_READ                          00000002
I2C_START                         00000003
I2C_STOP                          00000004
IBF                               00000007
IBOV                              00000005
INDF                              00000000
INTCON                            0000000B
MPASM 5.84                         ODEV2.ASM   11-9-2019  19:48:42         PAGE  7


SYMBOL TABLE
  LABEL                             VALUE 

INTE                              00000004
INTEDG                            00000006
INTF                              00000001
IRP                               00000007
KESME                             00000004
LOOK_UP                           0000004B
LTEMP                             00000022
NOT_A                             00000005
NOT_ADDRESS                       00000005
NOT_BO                            00000000
NOT_BOR                           00000000
NOT_DONE                          00000002
NOT_PD                            00000003
NOT_POR                           00000001
NOT_RBPU                          00000007
NOT_RC8                           00000006
NOT_T1SYNC                        00000002
NOT_TO                            00000004
NOT_TX8                           00000006
NOT_W                             00000002
NOT_WRITE                         00000002
OBF                               00000006
OERR                              00000001
ON_AYARLAR                        00000022
OPTION_REG                        00000081
P                                 00000004
PCFG0                             00000000
PCFG1                             00000001
PCFG2                             00000002
PCFG3                             00000003
PCL                               00000002
PCLATH                            0000000A
PCON                              0000008E
PEIE                              00000006
PEN                               00000002
PIE1                              0000008C
PIE2                              0000008D
PIR1                              0000000C
PIR2                              0000000D
PORTA                             00000005
PORTB                             00000006
PORTC                             00000007
PORTD                             00000008
PORTE                             00000009
PR2                               00000092
PS0                               00000000
PS1                               00000001
PS2                               00000002
PSA                               00000003
PSPIE                             00000007
PSPIF                             00000007
PSPMODE                           00000004
R                                 00000002
MPASM 5.84                         ODEV2.ASM   11-9-2019  19:48:42         PAGE  8


SYMBOL TABLE
  LABEL                             VALUE 

RA0                               00000000
RA1                               00000001
RA2                               00000002
RA3                               00000003
RA4                               00000004
RA5                               00000005
RB0                               00000000
RB1                               00000001
RB2                               00000002
RB3                               00000003
RB4                               00000004
RB5                               00000005
RB6                               00000006
RB7                               00000007
RBIE                              00000003
RBIF                              00000000
RC0                               00000000
RC1                               00000001
RC2                               00000002
RC3                               00000003
RC4                               00000004
RC5                               00000005
RC6                               00000006
RC7                               00000007
RC8_9                             00000006
RC9                               00000006
RCD8                              00000000
RCEN                              00000003
RCIE                              00000005
RCIF                              00000005
RCREG                             0000001A
RCSTA                             00000018
RD                                00000000
RD0                               00000000
RD1                               00000001
RD2                               00000002
RD3                               00000003
RD4                               00000004
RD5                               00000005
RD6                               00000006
RD7                               00000007
RE0                               00000000
RE1                               00000001
RE2                               00000002
READ_WRITE                        00000002
RP0                               00000005
RP1                               00000006
RSEN                              00000001
RX9                               00000006
RX9D                              00000000
R_NOT_W                           00000002
R_W                               00000002
S                                 00000003
MPASM 5.84                         ODEV2.ASM   11-9-2019  19:48:42         PAGE  9


SYMBOL TABLE
  LABEL                             VALUE 

SAG                               00000020
SEN                               00000000
SMP                               00000007
SOL                               00000021
SOL_ARTIR                         00000060
SPBRG                             00000099
SPEN                              00000007
SREN                              00000005
SSPADD                            00000093
SSPBUF                            00000013
SSPCON                            00000014
SSPCON2                           00000091
SSPEN                             00000005
SSPIE                             00000003
SSPIF                             00000003
SSPM0                             00000000
SSPM1                             00000001
SSPM2                             00000002
SSPM3                             00000003
SSPOV                             00000006
SSPSTAT                           00000094
STATUS                            00000003
SYNC                              00000004
T0CS                              00000005
T0IE                              00000005
T0IF                              00000002
T0SE                              00000004
T1CKPS0                           00000004
T1CKPS1                           00000005
T1CON                             00000010
T1INSYNC                          00000002
T1OSCEN                           00000003
T1SYNC                            00000002
T2CKPS0                           00000000
T2CKPS1                           00000001
T2CON                             00000012
TMR0                              00000001
TMR0IE                            00000005
TMR0IF                            00000002
TMR1                              0000000E
TMR1CS                            00000001
TMR1H                             0000000F
TMR1IE                            00000000
TMR1IF                            00000000
TMR1L                             0000000E
TMR1ON                            00000000
TMR2                              00000011
TMR2IE                            00000001
TMR2IF                            00000001
TMR2ON                            00000002
TMRS                              00000023
TOUTPS0                           00000003
TOUTPS1                           00000004
MPASM 5.84                         ODEV2.ASM   11-9-2019  19:48:42         PAGE 10


SYMBOL TABLE
  LABEL                             VALUE 

TOUTPS2                           00000005
TOUTPS3                           00000006
TRISA                             00000085
TRISA0                            00000000
TRISA1                            00000001
TRISA2                            00000002
TRISA3                            00000003
TRISA4                            00000004
TRISA5                            00000005
TRISB                             00000086
TRISB0                            00000000
TRISB1                            00000001
TRISB2                            00000002
TRISB3                            00000003
TRISB4                            00000004
TRISB5                            00000005
TRISB6                            00000006
TRISB7                            00000007
TRISC                             00000087
TRISC0                            00000000
TRISC1                            00000001
TRISC2                            00000002
TRISC3                            00000003
TRISC4                            00000004
TRISC5                            00000005
TRISC6                            00000006
TRISC7                            00000007
TRISD                             00000088
TRISD0                            00000000
TRISD1                            00000001
TRISD2                            00000002
TRISD3                            00000003
TRISD4                            00000004
TRISD5                            00000005
TRISD6                            00000006
TRISD7                            00000007
TRISE                             00000089
TRISE0                            00000000
TRISE1                            00000001
TRISE2                            00000002
TRMT                              00000001
TX8_9                             00000006
TX9                               00000006
TX9D                              00000000
TXD8                              00000000
TXEN                              00000005
TXIE                              00000004
TXIF                              00000004
TXREG                             00000019
TXSTA                             00000098
UA                                00000001
W                                 00000000
WCOL                              00000007
MPASM 5.84                         ODEV2.ASM   11-9-2019  19:48:42         PAGE 11


SYMBOL TABLE
  LABEL                             VALUE 

WR                                00000001
WREN                              00000002
WRERR                             00000003
Z                                 00000002
_BODEN_OFF                        00003FBF
_BODEN_ON                         00003FFF
_BOREN_OFF                        00003FBF
_BOREN_ON                         00003FFF
_CONFIG                           00002007
_CPD_OFF                          00003FFF
_CPD_ON                           00003EFF
_CP_ALL                           00001FFF
_CP_OFF                           00003FFF
_CP_ON                            00001FFF
_DEBUG_OFF                        00003FFF
_DEBUG_ON                         000037FF
_DEVID1                           00002006
_FOSC_EXTRC                       00003FFF
_FOSC_HS                          00003FFE
_FOSC_LP                          00003FFC
_FOSC_XT                          00003FFD
_HS_OSC                           00003FFE
_IDLOC0                           00002000
_IDLOC1                           00002001
_IDLOC2                           00002002
_IDLOC3                           00002003
_LP_OSC                           00003FFC
_LVP_OFF                          00003F7F
_LVP_ON                           00003FFF
_PWRTE_OFF                        00003FFF
_PWRTE_ON                         00003FF7
_RC_OSC                           00003FFF
_WDTE_OFF                         00003FFB
_WDTE_ON                          00003FFF
_WDT_OFF                          00003FFB
_WDT_ON                           00003FFF
_WRT_1FOURTH                      00003BFF
_WRT_256                          00003DFF
_WRT_HALF                         000039FF
_WRT_OFF                          00003FFF
_XT_OSC                           00003FFD
__16F877A                         00000001
pclath_temp                       0000007F
status_temp                       0000007E
w_temp                            0000007D

Errors   :     0
Warnings :     7 reported,     0 suppressed
Messages :     5 reported,     0 suppressed

