MPASM 5.84                KARASIMSEK_TMR.ASM   11-11-2019  10:55:48         PAGE  1


LOC  OBJECT CODE     LINE SOURCE TEXT
  VALUE

Warning[205]: Found directive in column 1. (list)
                      00001 list p = 16f877a
                      00002 #include<p16f877a.inc>
                      00001         LIST
                      00002 
                      00003 ;==========================================================================
                      00004 ; Build date : Mar 17 2019
                      00005 ;  MPASM PIC16F877A processor include
                      00006 ; 
                      00007 ;  (c) Copyright 1999-2019 Microchip Technology, All rights reserved
                      00008 ;==========================================================================
                      00009 
                      00567         LIST
                      00003     
  0000007D            00004 w_temp         EQU 0x7D
  0000007E            00005 pclath_temp EQU 0X7E
  0000007F            00006 status_temp EQU 0x7F
                      00007  
  00000021            00008 TMRS    EQU 0X21
  00000022            00009 YON    EQU 0X22
  00000020            00010 KARASIMSEK EQU 0X20
                      00011 ;1MS ARALIKLARLA KAYAN KARASIMSEK UYGULAMASI
                      00012     
Warning[205]: Found directive in column 1. (ORG)
0000                  00013 ORG 0X000
Warning[203]: Found opcode in column 1. (NOP)
0000   0000           00014 NOP
Warning[203]: Found opcode in column 1. (GOTO)
0001   281D           00015 GOTO ON_AYARLAR
                      00016     
                      00017 
Warning[205]: Found directive in column 1. (ORG)
0004                  00018 ORG 0X004
0004                  00019 TMR0_KESME
0004   00FD           00020         MOVWF   w_temp                  ; yedek_wreg
0005   0803           00021         MOVF    STATUS,w                ; yedek_status
0006   00FF           00022         MOVWF   status_temp             
0007   080A           00023         MOVF    PCLATH,w                ; yedek_pclath
0008   00FE           00024         MOVWF   pclath_temp                     
                      00025         
0009   110B           00026         BCF     INTCON,TMR0IF   ; tmr0 interrupt calisti, surekli ayni donguye girme
000A   303D           00027         MOVLW   d'61'                   ; tmr0 baslangic degeri
000B   0081           00028         MOVWF   TMR0                    
                      00029         
000C   0AA1           00030         INCF    TMRS,F                  ; tmr0 'in kac kez calisacagiyla ilgili dongumuz.
                      00031         
000D   3028           00032         MOVLW   d'40'                   ; 40 kez calismasi icin TMRS degiskenini kullaniyoruz
000E   0221           00033         SUBWF   TMRS,W                  
000F   1D03           00034         BTFSS   STATUS,Z
0010   2816           00035         GOTO    DONUS                   ; henuz 40'a gelmemisse is yapmadan dongude calismaya devam etsi
                            n.
0011   01A1           00036         CLRF    TMRS                    ; 40'a gelmisse beklenen sure bitti, hangi islem yapilacak?
                      00037         
MPASM 5.84                KARASIMSEK_TMR.ASM   11-11-2019  10:55:48         PAGE  2


LOC  OBJECT CODE     LINE SOURCE TEXT
  VALUE

0012   1C22           00038         BTFSS YON,0
0013   2839           00039         GOTO  SAG
0014   2830           00040         GOTO  SOL
                      00041                 
0015   2816           00042         GOTO    DONUS                   ; tekrar donuse gidilmesini sagladik. 
                      00043         
0016                  00044 DONUS
0016   087E           00045         MOVF     pclath_temp,w  ;yedekleri geri yukle
0017   008A           00046         MOVWF    PCLATH                         
0018   087F           00047         MOVF    status_temp,w           
0019   0083           00048         MOVWF    STATUS                 
001A   0EFD           00049         SWAPF    w_temp,f
001B   0E7D           00050         SWAPF   w_temp,w 
001C   0009           00051         RETFIE     
                      00052         
                      00053 
001D                  00054 ON_AYARLAR
001D   1683 1303      00055         BANKSEL TRISB
Message[302]: Register in operand not in bank 0.  Ensure that bank bits are correct.
001F   0186           00056         CLRF TRISB
                      00057             
0020   3006           00058         MOVLW b'00000110'
Message[302]: Register in operand not in bank 0.  Ensure that bank bits are correct.
0021   0081           00059         MOVWF OPTION_REG
                      00060            
0022   1283 1303      00061         BANKSEL PORTA           ;Tekrar BANK0 'a gec.
0024   0186           00062         CLRF    PORTB                   ;Portb 'yi temizle
0025   303D           00063         MOVLW   d'61'                   ;TMR0 baslangic degeri
0026   0081           00064         MOVWF   TMR0
0027   01A1           00065         CLRF    TMRS    
                      00066            
0028   178B           00067         BSF INTCON,GIE
0029   168B           00068         BSF INTCON,T0IE
                      00069         
002A   3001           00070         MOVLW 0X01
002B   00A0           00071         MOVWF KARASIMSEK
002C   0086           00072         MOVWF PORTB
                      00073         
002D   3001           00074         MOVLW 0X01
002E   00A2           00075         MOVWF YON
                      00076         
002F                  00077 CALIS
                      00078         
002F   282F           00079         GOTO CALIS
                      00080  
                      00081         
0030                  00082 SOL
0030   1003           00083     BCF STATUS,C
0031   0DA0           00084     RLF KARASIMSEK,F
0032   0820           00085     MOVFW KARASIMSEK
0033   0086           00086     MOVWF PORTB
                      00087             
0034   1FA0           00088     BTFSS KARASIMSEK,7
MPASM 5.84                KARASIMSEK_TMR.ASM   11-11-2019  10:55:48         PAGE  3


LOC  OBJECT CODE     LINE SOURCE TEXT
  VALUE

0035   2816           00089     GOTO DONUS
0036   3002           00090     MOVLW 0X02
0037   00A2           00091     MOVWF YON
0038   2816           00092     GOTO DONUS
                      00093     
0039                  00094 SAG
0039   1003           00095     BCF STATUS,C
003A   0CA0           00096     RRF KARASIMSEK,F
003B   0820           00097     MOVFW KARASIMSEK
003C   0086           00098     MOVWF PORTB
                      00099             
003D   1C20           00100     BTFSS KARASIMSEK,0
003E   2816           00101     GOTO DONUS
003F   3001           00102     MOVLW 0X01
0040   00A2           00103     MOVWF YON
0041   2816           00104     GOTO  DONUS
                      00105         
Warning[205]: Found directive in column 1. (END)
                      00106 END
MPASM 5.84                KARASIMSEK_TMR.ASM   11-11-2019  10:55:48         PAGE  4


SYMBOL TABLE
  LABEL                             VALUE 

ACKDT                             00000005
ACKEN                             00000004
ACKSTAT                           00000006
ADCON0                            0000001F
ADCON1                            0000009F
ADCS0                             00000006
ADCS1                             00000007
ADCS2                             00000006
ADDEN                             00000003
ADFM                              00000007
ADIE                              00000006
ADIF                              00000006
ADON                              00000000
ADRESH                            0000001E
ADRESL                            0000009E
BCLIE                             00000003
BCLIF                             00000003
BF                                00000000
BRGH                              00000002
C                                 00000000
C1INV                             00000004
C1OUT                             00000006
C2INV                             00000005
C2OUT                             00000007
CALIS                             0000002F
CCP1CON                           00000017
CCP1IE                            00000002
CCP1IF                            00000002
CCP1M0                            00000000
CCP1M1                            00000001
CCP1M2                            00000002
CCP1M3                            00000003
CCP1X                             00000005
CCP1Y                             00000004
CCP2CON                           0000001D
CCP2IE                            00000000
CCP2IF                            00000000
CCP2M0                            00000000
CCP2M1                            00000001
CCP2M2                            00000002
CCP2M3                            00000003
CCP2X                             00000005
CCP2Y                             00000004
CCPR1                             00000015
CCPR1H                            00000016
CCPR1L                            00000015
CCPR2                             0000001B
CCPR2H                            0000001C
CCPR2L                            0000001B
CHS0                              00000003
CHS1                              00000004
CHS2                              00000005
CIS                               00000003
MPASM 5.84                KARASIMSEK_TMR.ASM   11-11-2019  10:55:48         PAGE  5


SYMBOL TABLE
  LABEL                             VALUE 

CKE                               00000006
CKP                               00000004
CM0                               00000000
CM1                               00000001
CM2                               00000002
CMCON                             0000009C
CMIE                              00000006
CMIF                              00000006
CREN                              00000004
CSRC                              00000007
CVR0                              00000000
CVR1                              00000001
CVR2                              00000002
CVR3                              00000003
CVRCON                            0000009D
CVREN                             00000007
CVROE                             00000006
CVRR                              00000005
D                                 00000005
DATA_ADDRESS                      00000005
DC                                00000001
DONUS                             00000016
D_A                               00000005
D_NOT_A                           00000005
EEADR                             0000010D
EEADRH                            0000010F
EECON1                            0000018C
EECON2                            0000018D
EEDATA                            0000010C
EEDATH                            0000010E
EEIE                              00000004
EEIF                              00000004
EEPGD                             00000007
F                                 00000001
FERR                              00000002
FSR                               00000004
GCEN                              00000007
GIE                               00000007
GO                                00000002
GO_DONE                           00000002
GO_NOT_DONE                       00000002
I2C_DATA                          00000005
I2C_READ                          00000002
I2C_START                         00000003
I2C_STOP                          00000004
IBF                               00000007
IBOV                              00000005
INDF                              00000000
INTCON                            0000000B
INTE                              00000004
INTEDG                            00000006
INTF                              00000001
IRP                               00000007
MPASM 5.84                KARASIMSEK_TMR.ASM   11-11-2019  10:55:48         PAGE  6


SYMBOL TABLE
  LABEL                             VALUE 

KARASIMSEK                        00000020
NOT_A                             00000005
NOT_ADDRESS                       00000005
NOT_BO                            00000000
NOT_BOR                           00000000
NOT_DONE                          00000002
NOT_PD                            00000003
NOT_POR                           00000001
NOT_RBPU                          00000007
NOT_RC8                           00000006
NOT_T1SYNC                        00000002
NOT_TO                            00000004
NOT_TX8                           00000006
NOT_W                             00000002
NOT_WRITE                         00000002
OBF                               00000006
OERR                              00000001
ON_AYARLAR                        0000001D
OPTION_REG                        00000081
P                                 00000004
PCFG0                             00000000
PCFG1                             00000001
PCFG2                             00000002
PCFG3                             00000003
PCL                               00000002
PCLATH                            0000000A
PCON                              0000008E
PEIE                              00000006
PEN                               00000002
PIE1                              0000008C
PIE2                              0000008D
PIR1                              0000000C
PIR2                              0000000D
PORTA                             00000005
PORTB                             00000006
PORTC                             00000007
PORTD                             00000008
PORTE                             00000009
PR2                               00000092
PS0                               00000000
PS1                               00000001
PS2                               00000002
PSA                               00000003
PSPIE                             00000007
PSPIF                             00000007
PSPMODE                           00000004
R                                 00000002
RA0                               00000000
RA1                               00000001
RA2                               00000002
RA3                               00000003
RA4                               00000004
RA5                               00000005
MPASM 5.84                KARASIMSEK_TMR.ASM   11-11-2019  10:55:48         PAGE  7


SYMBOL TABLE
  LABEL                             VALUE 

RB0                               00000000
RB1                               00000001
RB2                               00000002
RB3                               00000003
RB4                               00000004
RB5                               00000005
RB6                               00000006
RB7                               00000007
RBIE                              00000003
RBIF                              00000000
RC0                               00000000
RC1                               00000001
RC2                               00000002
RC3                               00000003
RC4                               00000004
RC5                               00000005
RC6                               00000006
RC7                               00000007
RC8_9                             00000006
RC9                               00000006
RCD8                              00000000
RCEN                              00000003
RCIE                              00000005
RCIF                              00000005
RCREG                             0000001A
RCSTA                             00000018
RD                                00000000
RD0                               00000000
RD1                               00000001
RD2                               00000002
RD3                               00000003
RD4                               00000004
RD5                               00000005
RD6                               00000006
RD7                               00000007
RE0                               00000000
RE1                               00000001
RE2                               00000002
READ_WRITE                        00000002
RP0                               00000005
RP1                               00000006
RSEN                              00000001
RX9                               00000006
RX9D                              00000000
R_NOT_W                           00000002
R_W                               00000002
S                                 00000003
SAG                               00000039
SEN                               00000000
SMP                               00000007
SOL                               00000030
SPBRG                             00000099
SPEN                              00000007
MPASM 5.84                KARASIMSEK_TMR.ASM   11-11-2019  10:55:48         PAGE  8


SYMBOL TABLE
  LABEL                             VALUE 

SREN                              00000005
SSPADD                            00000093
SSPBUF                            00000013
SSPCON                            00000014
SSPCON2                           00000091
SSPEN                             00000005
SSPIE                             00000003
SSPIF                             00000003
SSPM0                             00000000
SSPM1                             00000001
SSPM2                             00000002
SSPM3                             00000003
SSPOV                             00000006
SSPSTAT                           00000094
STATUS                            00000003
SYNC                              00000004
T0CS                              00000005
T0IE                              00000005
T0IF                              00000002
T0SE                              00000004
T1CKPS0                           00000004
T1CKPS1                           00000005
T1CON                             00000010
T1INSYNC                          00000002
T1OSCEN                           00000003
T1SYNC                            00000002
T2CKPS0                           00000000
T2CKPS1                           00000001
T2CON                             00000012
TMR0                              00000001
TMR0IE                            00000005
TMR0IF                            00000002
TMR0_KESME                        00000004
TMR1                              0000000E
TMR1CS                            00000001
TMR1H                             0000000F
TMR1IE                            00000000
TMR1IF                            00000000
TMR1L                             0000000E
TMR1ON                            00000000
TMR2                              00000011
TMR2IE                            00000001
TMR2IF                            00000001
TMR2ON                            00000002
TMRS                              00000021
TOUTPS0                           00000003
TOUTPS1                           00000004
TOUTPS2                           00000005
TOUTPS3                           00000006
TRISA                             00000085
TRISA0                            00000000
TRISA1                            00000001
TRISA2                            00000002
MPASM 5.84                KARASIMSEK_TMR.ASM   11-11-2019  10:55:48         PAGE  9


SYMBOL TABLE
  LABEL                             VALUE 

TRISA3                            00000003
TRISA4                            00000004
TRISA5                            00000005
TRISB                             00000086
TRISB0                            00000000
TRISB1                            00000001
TRISB2                            00000002
TRISB3                            00000003
TRISB4                            00000004
TRISB5                            00000005
TRISB6                            00000006
TRISB7                            00000007
TRISC                             00000087
TRISC0                            00000000
TRISC1                            00000001
TRISC2                            00000002
TRISC3                            00000003
TRISC4                            00000004
TRISC5                            00000005
TRISC6                            00000006
TRISC7                            00000007
TRISD                             00000088
TRISD0                            00000000
TRISD1                            00000001
TRISD2                            00000002
TRISD3                            00000003
TRISD4                            00000004
TRISD5                            00000005
TRISD6                            00000006
TRISD7                            00000007
TRISE                             00000089
TRISE0                            00000000
TRISE1                            00000001
TRISE2                            00000002
TRMT                              00000001
TX8_9                             00000006
TX9                               00000006
TX9D                              00000000
TXD8                              00000000
TXEN                              00000005
TXIE                              00000004
TXIF                              00000004
TXREG                             00000019
TXSTA                             00000098
UA                                00000001
W                                 00000000
WCOL                              00000007
WR                                00000001
WREN                              00000002
WRERR                             00000003
YON                               00000022
Z                                 00000002
_BODEN_OFF                        00003FBF
MPASM 5.84                KARASIMSEK_TMR.ASM   11-11-2019  10:55:48         PAGE 10


SYMBOL TABLE
  LABEL                             VALUE 

_BODEN_ON                         00003FFF
_BOREN_OFF                        00003FBF
_BOREN_ON                         00003FFF
_CONFIG                           00002007
_CPD_OFF                          00003FFF
_CPD_ON                           00003EFF
_CP_ALL                           00001FFF
_CP_OFF                           00003FFF
_CP_ON                            00001FFF
_DEBUG_OFF                        00003FFF
_DEBUG_ON                         000037FF
_DEVID1                           00002006
_FOSC_EXTRC                       00003FFF
_FOSC_HS                          00003FFE
_FOSC_LP                          00003FFC
_FOSC_XT                          00003FFD
_HS_OSC                           00003FFE
_IDLOC0                           00002000
_IDLOC1                           00002001
_IDLOC2                           00002002
_IDLOC3                           00002003
_LP_OSC                           00003FFC
_LVP_OFF                          00003F7F
_LVP_ON                           00003FFF
_PWRTE_OFF                        00003FFF
_PWRTE_ON                         00003FF7
_RC_OSC                           00003FFF
_WDTE_OFF                         00003FFB
_WDTE_ON                          00003FFF
_WDT_OFF                          00003FFB
_WDT_ON                           00003FFF
_WRT_1FOURTH                      00003BFF
_WRT_256                          00003DFF
_WRT_HALF                         000039FF
_WRT_OFF                          00003FFF
_XT_OSC                           00003FFD
__16F877A                         00000001
pclath_temp                       0000007E
status_temp                       0000007F
w_temp                            0000007D


MEMORY USAGE MAP ('X' = Used,  '-' = Unused)

0000 : XX--XXXXXXXXXXXX XXXXXXXXXXXXXXXX XXXXXXXXXXXXXXXX XXXXXXXXXXXXXXXX
0040 : XX-------------- ---------------- ---------------- ----------------

All other memory blocks unused.

Program Memory Words Used:    64
Program Memory Words Free:  8128

MPASM 5.84                KARASIMSEK_TMR.ASM   11-11-2019  10:55:48         PAGE 11






Errors   :     0
Warnings :     6 reported,     0 suppressed
Messages :     2 reported,     0 suppressed

